2009-09-29T17:35:07+02:00 OK *** NEW REQUEST ***
2009-09-29T17:35:07+02:00 OK FreeSWITCH socket open
2009-09-29T17:35:07+02:00 OK Successful authentication
2009-09-29T17:35:07+02:00 OK Spooler job found
2009-09-29T17:35:07+02:00 OK Command to execute: bgapi originate {ignore_early_media=true}celliax/interface1/600745418 4000 XML public
2009-09-29T17:35:07+02:00 OK Outgoing call ok
2009-09-29T17:35:07+02:00 OK Closing socket
2009-09-29T17:41:46+02:00 OK *** NEW REQUEST ***
2009-09-29T17:41:46+02:00 OK FreeSWITCH socket open
2009-09-29T17:41:46+02:00 OK Successful authentication
2009-09-29T17:41:46+02:00 OK Spooler job found
2009-09-29T17:41:46+02:00 OK Command to execute: bgapi originate {ignore_early_media=true}celliax/interface1/600745418 4000 XML public
2009-09-29T17:41:46+02:00 OK Outgoing call ok
2009-09-29T17:41:46+02:00 OK Closing socket
2009-09-29T17:43:18+02:00 OK *** NEW REQUEST ***
2009-09-29T17:43:18+02:00 OK FreeSWITCH socket open
2009-09-29T17:43:18+02:00 OK Successful authentication
2009-09-29T17:43:18+02:00 OK Spooler job found
2009-09-29T17:43:18+02:00 OK Command to execute: originate {ignore_early_media=true}celliax/interface1/600745418 4000 XML public
2009-09-29T17:43:18+02:00 OK Outgoing call ok
2009-09-29T17:43:18+02:00 OK Closing socket
2009-09-29T17:49:16+02:00 OK *** NEW REQUEST ***
2009-09-29T17:49:16+02:00 OK FreeSWITCH socket open
2009-09-29T17:49:16+02:00 OK Successful authentication
2009-09-29T17:49:16+02:00 OK Spooler job found
2009-09-29T17:49:16+02:00 OK Command to execute: originate {ignore_early_media=true}celliax/interface1/666920608 4000 XML public
2009-09-29T17:49:16+02:00 OK Outgoing call ok
2009-09-29T17:49:16+02:00 OK Closing socket
2009-09-29T17:53:08+02:00 OK *** NEW REQUEST ***
2009-09-29T17:53:08+02:00 OK FreeSWITCH socket open
2009-09-29T17:53:08+02:00 OK Successful authentication
2009-09-29T17:53:08+02:00 OK Spooler job found
2009-09-29T17:53:08+02:00 OK Command to execute: originate user/1001 4000 XML public
2009-09-29T17:53:08+02:00 OK Outgoing call ok
2009-09-29T17:53:08+02:00 OK Closing socket
2009-09-29T18:11:28+02:00 OK socket setup
2009-09-29T18:13:44+02:00 OK Spooler job created: 112,SIP,1001,4000
2009-09-29T18:13:44+02:00 OK *** NEW REQUEST ***
2009-09-29T18:13:44+02:00 OK FreeSWITCH socket open
2009-09-29T18:13:44+02:00 OK Successful authentication
2009-09-29T18:13:44+02:00 OK Spooler job found
2009-09-29T18:13:44+02:00 OK Command to execute: originate user/1001 4000 XML public
2009-09-29T18:13:44+02:00 OK Outgoing call ok
2009-09-29T18:13:44+02:00 OK Closing socket
2009-09-29T18:19:15+02:00 OK *** NEW REQUEST ***
2009-09-29T18:19:15+02:00 OK FreeSWITCH socket open
2009-09-29T18:19:15+02:00 OK Successful authentication
2009-09-29T18:19:15+02:00 OK Spooler job found
2009-09-29T18:19:15+02:00 OK Command to execute: originate user/1001 4000 XML public
2009-09-29T18:19:15+02:00 OK Outgoing call ok
2009-09-29T18:19:15+02:00 OK Closing socket
2009-09-29T18:23:59+02:00 OK *** NEW REQUEST ***
2009-09-29T18:23:59+02:00 OK FreeSWITCH socket open
2009-09-29T18:23:59+02:00 OK Successful authentication
2009-09-29T18:23:59+02:00 OK Spooler job found
2009-09-29T18:23:59+02:00 OK Command to execute: originate user/1001 4000 XML public
2009-09-29T18:23:59+02:00 OK Outgoing call ok
2009-09-29T18:23:59+02:00 OK Closing socket
2009-09-29T18:26:45+02:00 OK *** NEW REQUEST ***
2009-09-29T18:26:45+02:00 OK FreeSWITCH socket open
2009-09-29T18:26:45+02:00 OK Successful authentication
2009-09-29T18:26:45+02:00 OK Spooler job found
2009-09-29T18:26:45+02:00 OK Command to execute: originate user/1001 4000 XML public
2009-09-29T18:26:45+02:00 OK Outgoing call ok
2009-09-29T18:26:45+02:00 OK Closing socket
2009-09-29T18:35:20+02:00 OK *** NEW REQUEST ***
2009-09-29T18:35:20+02:00 OK FreeSWITCH socket open
2009-09-29T18:35:20+02:00 OK Successful authentication
2009-09-29T18:35:20+02:00 OK Spooler job found
2009-09-29T18:35:20+02:00 OK Command to execute: originate user/1001 4000 XML public
2009-09-29T18:35:20+02:00 OK Outgoing call ok
2009-09-29T18:35:20+02:00 OK Closing socket
2009-09-29T18:35:20+02:00 OK *** NEW REQUEST ***
2009-09-29T18:35:20+02:00 OK FreeSWITCH socket open
2009-09-29T18:35:20+02:00 OK Successful authentication
2009-09-29T18:35:20+02:00 OK Spooler job found
2009-09-29T18:35:20+02:00 OK Command to execute: originate user/1001 4000 XML public
2009-09-29T18:35:20+02:00 OK Outgoing call ok
2009-09-29T18:35:20+02:00 OK Closing socket
2009-09-29T18:37:17+02:00 OK *** NEW REQUEST ***
2009-09-29T18:37:17+02:00 OK FreeSWITCH socket open
2009-09-29T18:37:17+02:00 OK Successful authentication
2009-09-29T18:37:17+02:00 OK Spooler job found
2009-09-29T18:37:17+02:00 OK Command to execute: originate user/1001 4000 XML public
2009-09-29T18:37:17+02:00 OK Outgoing call ok
2009-09-29T18:37:17+02:00 OK Closing socket
2009-09-30T10:13:23+02:00 OK *** NEW REQUEST ***
2009-09-30T10:13:23+02:00 OK FreeSWITCH socket open
2009-09-30T10:13:23+02:00 OK Successful authentication
2009-09-30T10:13:23+02:00 OK Spooler job found
2009-09-30T10:13:23+02:00 OK Command to execute: originate user/1001 2000 XML public
2009-09-30T10:13:23+02:00 OK Outgoing call ok
2009-09-30T10:13:23+02:00 OK Closing socket
2009-09-30T10:22:52+02:00 OK *** NEW REQUEST ***
2009-09-30T10:22:52+02:00 OK FreeSWITCH socket open
2009-09-30T10:22:52+02:00 OK Successful authentication
2009-09-30T10:22:52+02:00 OK Spooler job found
2009-09-30T10:22:52+02:00 OK Command to execute: originate {ignore_early_media=true}celliax/interface1/666920608 4000 XML public
2009-09-30T10:22:52+02:00 OK Outgoing call ok
2009-09-30T10:22:52+02:00 OK Closing socket
2009-09-30T10:27:21+02:00 OK *** NEW REQUEST ***
2009-09-30T10:27:21+02:00 OK FreeSWITCH socket open
2009-09-30T10:27:21+02:00 OK Successful authentication
2009-09-30T10:27:21+02:00 OK Spooler job found
2009-09-30T10:27:21+02:00 OK Command to execute: originate {ignore_early_media=true}celliax/interface1/666920608 4000 XML public
2009-09-30T10:27:21+02:00 OK Outgoing call ok
2009-09-30T10:27:21+02:00 OK Closing socket
2009-09-30T10:33:59+02:00 OK *** NEW REQUEST ***
2009-09-30T10:33:59+02:00 OK FreeSWITCH socket open
2009-09-30T10:33:59+02:00 OK Successful authentication
2009-09-30T10:33:59+02:00 OK Spooler job found
2009-09-30T10:33:59+02:00 OK Command to execute: originate {ignore_early_media=true}celliax/interface1/666920608 4000 XML public
2009-09-30T10:33:59+02:00 OK Outgoing call ok
2009-09-30T10:33:59+02:00 OK Closing socket
2009-09-30T10:43:56+02:00 OK *** NEW REQUEST ***
2009-09-30T10:43:56+02:00 OK FreeSWITCH socket open
2009-09-30T10:43:56+02:00 OK Successful authentication
2009-09-30T10:43:56+02:00 OK Spooler job found
2009-09-30T10:43:56+02:00 OK Command to execute: originate {ignore_early_media=true}celliax/interface1/666920608 4000 XML public
2009-09-30T10:43:56+02:00 OK Outgoing call ok
2009-09-30T10:43:56+02:00 OK Closing socket
2009-09-30T10:46:43+02:00 OK *** NEW REQUEST ***
2009-09-30T10:46:43+02:00 OK FreeSWITCH socket open
2009-09-30T10:46:43+02:00 OK Successful authentication
2009-09-30T10:46:43+02:00 OK Spooler job found
2009-09-30T10:46:43+02:00 OK Command to execute: originate {ignore_early_media=true}celliax/interface1/666920608 4000 XML public
2009-09-30T10:46:43+02:00 OK Outgoing call ok
2009-09-30T10:46:43+02:00 OK Closing socket
2009-09-30T10:53:34+02:00 OK *** NEW REQUEST ***
2009-09-30T10:53:34+02:00 OK FreeSWITCH socket open
2009-09-30T10:53:34+02:00 OK Successful authentication
2009-09-30T10:53:34+02:00 OK Spooler job found
2009-09-30T10:53:34+02:00 OK Command to execute: originate {ignore_early_media=true}celliax/interface1/666920608 4000 XML public
2009-09-30T10:53:34+02:00 OK Outgoing call ok
2009-09-30T10:53:34+02:00 OK Closing socket
2009-09-30T11:01:51+02:00 OK *** NEW REQUEST ***
2009-09-30T11:01:51+02:00 OK FreeSWITCH socket open
2009-09-30T11:01:51+02:00 OK Successful authentication
2009-09-30T11:01:51+02:00 OK Spooler job found
2009-09-30T11:01:51+02:00 OK Command to execute: originate {ignore_early_media=true}celliax/interface1/666920608 4000 XML public
2009-09-30T11:01:51+02:00 OK Outgoing call ok
2009-09-30T11:01:51+02:00 OK Closing socket
2009-09-30T11:04:27+02:00 OK *** NEW REQUEST ***
2009-09-30T11:04:27+02:00 OK FreeSWITCH socket open
2009-09-30T11:04:27+02:00 OK Successful authentication
2009-09-30T11:04:27+02:00 OK Spooler job found
2009-09-30T11:04:27+02:00 OK Command to execute: originate {ignore_early_media=true}celliax/interface1/666920608 4000 XML public
2009-09-30T11:04:28+02:00 OK Outgoing call ok
2009-09-30T11:04:28+02:00 OK Closing socket
2009-09-30T11:06:48+02:00 OK *** NEW REQUEST ***
2009-09-30T11:06:48+02:00 OK FreeSWITCH socket open
2009-09-30T11:06:48+02:00 OK Successful authentication
2009-09-30T11:06:48+02:00 OK Spooler job found
2009-09-30T11:06:48+02:00 OK Command to execute: originate {ignore_early_media=true}celliax/interface1/666920608 4000 XML public
2009-09-30T11:06:49+02:00 OK Outgoing call ok
2009-09-30T11:06:49+02:00 OK Closing socket
2009-09-30T11:11:43+02:00 OK *** NEW REQUEST ***
2009-09-30T11:11:43+02:00 OK FreeSWITCH socket open
2009-09-30T11:11:43+02:00 OK Successful authentication
2009-09-30T11:11:43+02:00 OK Spooler job found
2009-09-30T11:11:43+02:00 OK Command to execute: originate {ignore_early_media=true}celliax/interface1/666920608 4000 XML public
2009-09-30T11:12:08+02:00 OK Outgoing call ok
2009-09-30T11:12:08+02:00 OK Closing socket
2009-09-30T11:13:57+02:00 OK *** NEW REQUEST ***
2009-09-30T11:13:57+02:00 OK FreeSWITCH socket open
2009-09-30T11:13:57+02:00 OK Successful authentication
2009-09-30T11:13:57+02:00 OK Spooler job found
2009-09-30T11:13:57+02:00 OK Command to execute: originate {ignore_early_media=true}celliax/interface1/666920608 4000 XML public
2009-09-30T11:13:57+02:00 OK Outgoing call ok
2009-09-30T11:13:57+02:00 OK Closing socket
2009-09-30T11:15:31+02:00 OK *** NEW REQUEST ***
2009-09-30T11:15:31+02:00 OK FreeSWITCH socket open
2009-09-30T11:15:31+02:00 OK Successful authentication
2009-09-30T11:15:31+02:00 OK Spooler job found
2009-09-30T11:15:31+02:00 OK Command to execute: originate {ignore_early_media=true}celliax/interface1/666920608 4000 XML public
2009-09-30T11:15:56+02:00 OK Outgoing call ok
2009-09-30T11:15:56+02:00 OK Closing socket
2009-09-30T11:25:49+02:00 OK *** NEW REQUEST ***
2009-09-30T11:25:49+02:00 OK FreeSWITCH socket open
2009-09-30T11:25:49+02:00 OK Successful authentication
2009-09-30T11:25:49+02:00 OK Spooler job found
2009-09-30T11:25:49+02:00 OK Command to execute: originate {ignore_early_media=true}celliax/interface1/666920608 4000 XML public
2009-09-30T11:25:49+02:00 OK Outgoing call ok
2009-09-30T11:25:49+02:00 OK Closing socket
2009-09-30T11:31:24+02:00 OK *** NEW REQUEST ***
2009-09-30T11:31:24+02:00 OK FreeSWITCH socket open
2009-09-30T11:31:24+02:00 OK Successful authentication
2009-09-30T11:31:24+02:00 OK Spooler job found
2009-09-30T11:31:24+02:00 OK Command to execute: originate {ignore_early_media=true}celliax/interface1/666920608 4000 XML public
2009-09-30T11:32:40+02:00 OK *** NEW REQUEST ***
2009-09-30T11:32:40+02:00 OK FreeSWITCH socket open
2009-09-30T11:32:40+02:00 OK Successful authentication
2009-09-30T11:32:40+02:00 OK Spooler job found
2009-09-30T11:32:40+02:00 OK Command to execute: originate {ignore_early_media=true}celliax/interface1/666920608 4000 XML public
2009-09-30T11:32:40+02:00 OK Outgoing call ok
2009-09-30T11:32:40+02:00 OK Closing socket
2009-09-30T11:35:19+02:00 OK *** NEW REQUEST ***
2009-09-30T11:35:19+02:00 OK FreeSWITCH socket open
2009-09-30T11:35:19+02:00 OK Successful authentication
2009-09-30T11:35:19+02:00 OK Spooler job found
2009-09-30T11:35:19+02:00 OK Command to execute: originate {ignore_early_media=true}celliax/interface1/666920608 4000 XML public
2009-09-30T11:35:19+02:00 OK Outgoing call ok
2009-09-30T11:35:19+02:00 OK Closing socket
2009-09-30T11:38:24+02:00 OK *** NEW REQUEST ***
2009-09-30T11:38:24+02:00 OK FreeSWITCH socket open
2009-09-30T11:38:24+02:00 OK Successful authentication
2009-09-30T11:38:24+02:00 OK Spooler job found
2009-09-30T11:38:24+02:00 OK Command to execute: originate {ignore_early_media=true}celliax/interface1/666920608 4000 XML public
2009-09-30T11:38:24+02:00 OK Outgoing call ok
2009-09-30T11:38:25+02:00 OK Closing socket
2009-09-30T11:40:55+02:00 OK *** NEW REQUEST ***
2009-09-30T11:40:55+02:00 OK FreeSWITCH socket open
2009-09-30T11:40:55+02:00 OK Successful authentication
2009-09-30T11:40:55+02:00 OK Spooler job found
2009-09-30T11:40:55+02:00 OK Command to execute: originate {ignore_early_media=true}celliax/interface1/666920608 4000 XML public
2009-09-30T11:40:55+02:00 OK Outgoing call ok
2009-09-30T11:40:55+02:00 OK Closing socket
2009-09-30T11:42:41+02:00 OK *** NEW REQUEST ***
2009-09-30T11:42:41+02:00 OK FreeSWITCH socket open
2009-09-30T11:42:41+02:00 OK Successful authentication
2009-09-30T11:42:41+02:00 OK Spooler job found
2009-09-30T11:42:41+02:00 OK Command to execute: originate {ignore_early_media=true}celliax/interface1/666920608 4000 XML public
2009-09-30T11:42:41+02:00 OK Outgoing call ok
2009-09-30T11:42:41+02:00 OK Closing socket
2009-09-30T16:44:30+02:00 OK *** NEW REQUEST ***
2009-09-30T16:44:30+02:00 OK FreeSWITCH socket open
2009-09-30T16:44:30+02:00 OK Successful authentication
2009-09-30T16:44:30+02:00 OK Spooler job found
2009-09-30T16:44:30+02:00 OK Command to execute: originate {ignore_early_media=true}celliax/interface1/666920608 4000 XML public
2009-09-30T16:44:30+02:00 OK Outgoing call ok
2009-09-30T16:44:30+02:00 OK Closing socket
2009-09-30T16:46:05+02:00 OK *** NEW REQUEST ***
2009-09-30T16:46:05+02:00 OK FreeSWITCH socket open
2009-09-30T16:46:05+02:00 OK Successful authentication
2009-09-30T16:46:05+02:00 OK Spooler job found
2009-09-30T16:46:05+02:00 OK Command to execute: originate {ignore_early_media=true}celliax/interface1/666920608 4000 XML public
2009-09-30T16:46:05+02:00 OK Outgoing call ok
2009-09-30T16:46:05+02:00 OK Closing socket
2009-09-30T16:50:17+02:00 OK *** NEW REQUEST ***
2009-09-30T16:50:17+02:00 OK FreeSWITCH socket open
2009-09-30T16:50:17+02:00 OK Successful authentication
2009-09-30T16:50:17+02:00 OK Spooler job found
2009-09-30T16:50:17+02:00 OK Command to execute: originate {ignore_early_media=true}celliax/interface1/666920608 4000 XML public
2009-09-30T16:50:17+02:00 OK Outgoing call ok
2009-09-30T16:50:17+02:00 OK Closing socket
2009-09-30T16:54:50+02:00 OK *** NEW REQUEST ***
2009-09-30T16:54:50+02:00 OK FreeSWITCH socket open
2009-09-30T16:54:50+02:00 OK Successful authentication
2009-09-30T16:54:50+02:00 OK Spooler job found
2009-09-30T16:54:50+02:00 OK Command to execute: originate {ignore_early_media=true}celliax/interface1/666920608 4000 XML public
2009-09-30T16:58:43+02:00 OK *** NEW REQUEST ***
2009-09-30T16:58:43+02:00 OK FreeSWITCH socket open
2009-09-30T16:58:43+02:00 OK Successful authentication
2009-09-30T16:58:43+02:00 OK Spooler job found
2009-09-30T16:58:43+02:00 OK Command to execute: originate {ignore_early_media=true}celliax/interface1/666920608 4000 XML public
2009-09-30T16:58:43+02:00 OK Outgoing call ok
2009-09-30T16:58:43+02:00 OK Closing socket
2009-09-30T17:03:36+02:00 OK *** NEW REQUEST ***
2009-09-30T17:03:36+02:00 OK FreeSWITCH socket open
2009-09-30T17:03:36+02:00 OK Successful authentication
2009-09-30T17:03:36+02:00 OK Spooler job found
2009-09-30T17:03:36+02:00 OK Command to execute: originate {ignore_early_media=true}celliax/interface1/666920608 4000 XML public
2009-09-30T17:03:36+02:00 OK Outgoing call ok
2009-09-30T17:03:36+02:00 OK Closing socket
2009-09-30T17:06:31+02:00 OK *** NEW REQUEST ***
2009-09-30T17:06:31+02:00 OK FreeSWITCH socket open
2009-09-30T17:06:31+02:00 OK Successful authentication
2009-09-30T17:06:31+02:00 OK Spooler job found
2009-09-30T17:06:31+02:00 OK Command to execute: originate {ignore_early_media=true}celliax/interface1/666920608 4000 XML public
2009-09-30T17:06:31+02:00 OK Outgoing call ok
2009-09-30T17:06:31+02:00 OK Closing socket
2009-09-30T17:09:52+02:00 OK *** NEW REQUEST ***
2009-09-30T17:09:52+02:00 OK FreeSWITCH socket open
2009-09-30T17:09:52+02:00 OK Successful authentication
2009-09-30T17:09:52+02:00 OK Spooler job found
2009-09-30T17:09:52+02:00 OK Command to execute: originate {ignore_early_media=true}celliax/interface1/666920608 4000 XML public
2009-09-30T17:09:52+02:00 OK Outgoing call ok
2009-09-30T17:09:53+02:00 OK Closing socket
2009-09-30T17:15:17+02:00 OK *** NEW REQUEST ***
2009-09-30T17:15:17+02:00 OK FreeSWITCH socket open
2009-09-30T17:15:17+02:00 OK Successful authentication
2009-09-30T17:15:17+02:00 OK Spooler job found
2009-09-30T17:15:17+02:00 OK Command to execute: originate {ignore_early_media=true}celliax/interface1/666920608 4000 XML public
2009-09-30T17:15:17+02:00 OK Outgoing call ok
2009-09-30T17:15:17+02:00 OK Closing socket
2009-09-30T17:49:53+02:00 OK *** NEW REQUEST ***
2009-09-30T17:49:53+02:00 OK FreeSWITCH socket open
2009-09-30T17:49:53+02:00 OK Successful authentication
2009-09-30T17:49:53+02:00 OK Spooler job found
2009-09-30T17:49:53+02:00 OK Command to execute: originate {ignore_early_media=true}celliax/interface1/666920608 4000 XML public
2009-09-30T17:52:39+02:00 OK *** NEW REQUEST ***
2009-09-30T17:52:39+02:00 OK FreeSWITCH socket open
2009-09-30T17:52:39+02:00 OK Successful authentication
2009-09-30T17:52:39+02:00 OK Spooler job found
2009-09-30T17:52:39+02:00 OK Command to execute: originate {ignore_early_media=true}celliax/interface1/666920608 4000 XML public
2009-09-30T17:52:39+02:00 OK Outgoing call ok
2009-09-30T17:52:39+02:00 OK Closing socket
2009-09-30T17:56:05+02:00 OK *** NEW REQUEST ***
2009-09-30T17:56:05+02:00 OK FreeSWITCH socket open
2009-09-30T17:56:05+02:00 OK Successful authentication
2009-09-30T17:56:05+02:00 OK Spooler job found
2009-09-30T17:56:05+02:00 OK Command to execute: originate {ignore_early_media=true}celliax/interface1/666920608 4000 XML public
2009-09-30T17:56:05+02:00 OK Outgoing call ok
2009-09-30T17:56:05+02:00 OK Closing socket
2009-09-30T17:58:16+02:00 OK *** NEW REQUEST ***
2009-09-30T17:58:16+02:00 OK FreeSWITCH socket open
2009-09-30T17:58:16+02:00 OK Successful authentication
2009-09-30T17:58:16+02:00 OK Spooler job found
2009-09-30T17:58:16+02:00 OK Command to execute: originate {ignore_early_media=true}celliax/interface1/666920608 4000 XML public
2009-09-30T17:58:16+02:00 OK Outgoing call ok
2009-09-30T17:58:16+02:00 OK Closing socket
2009-09-30T18:00:37+02:00 OK *** NEW REQUEST ***
2009-09-30T18:00:37+02:00 OK FreeSWITCH socket open
2009-09-30T18:00:37+02:00 OK Successful authentication
2009-09-30T18:00:37+02:00 OK Spooler job found
2009-09-30T18:00:37+02:00 OK Command to execute: originate {ignore_early_media=true}celliax/interface1/666920608 4000 XML public
2009-09-30T18:00:37+02:00 OK Outgoing call ok
2009-09-30T18:00:37+02:00 OK Closing socket
2009-09-30T18:09:38+02:00 OK *** NEW REQUEST ***
2009-09-30T18:09:38+02:00 OK FreeSWITCH socket open
2009-09-30T18:09:38+02:00 OK Successful authentication
2009-09-30T18:09:38+02:00 OK Spooler job found
2009-09-30T18:09:38+02:00 OK Command to execute: originate {ignore_early_media=true}celliax/interface1/666920608 4000 XML public
2009-09-30T18:09:38+02:00 OK Outgoing call ok
2009-09-30T18:09:38+02:00 OK Closing socket
2009-09-30T18:12:39+02:00 OK *** NEW REQUEST ***
2009-09-30T18:12:39+02:00 OK FreeSWITCH socket open
2009-09-30T18:12:39+02:00 OK Successful authentication
2009-09-30T18:12:39+02:00 OK Spooler job found
2009-09-30T18:12:39+02:00 OK Command to execute: originate {ignore_early_media=true}celliax/interface1/666920608 4000 XML public
2009-09-30T18:12:39+02:00 OK Outgoing call ok
2009-09-30T18:12:39+02:00 OK Closing socket
2009-09-30T18:15:24+02:00 OK *** NEW REQUEST ***
2009-09-30T18:15:24+02:00 OK FreeSWITCH socket open
2009-09-30T18:15:24+02:00 OK Successful authentication
2009-09-30T18:15:24+02:00 OK Spooler job found
2009-09-30T18:15:24+02:00 OK Command to execute: originate {ignore_early_media=true}celliax/interface1/666920608 4000 XML public
2009-09-30T18:15:24+02:00 OK Outgoing call ok
2009-09-30T18:15:24+02:00 OK Closing socket
2009-09-30T18:18:21+02:00 OK *** NEW REQUEST ***
2009-09-30T18:18:21+02:00 OK FreeSWITCH socket open
2009-09-30T18:18:21+02:00 OK Successful authentication
2009-09-30T18:18:21+02:00 OK Spooler job found
2009-09-30T18:18:21+02:00 OK Command to execute: originate {ignore_early_media=true}celliax/interface1/666920608 4000 XML public
2009-09-30T18:18:21+02:00 OK Outgoing call ok
2009-09-30T18:18:21+02:00 OK Closing socket
2009-09-30T18:20:06+02:00 OK *** NEW REQUEST ***
2009-09-30T18:20:06+02:00 OK FreeSWITCH socket open
2009-09-30T18:20:06+02:00 OK Successful authentication
2009-09-30T18:20:06+02:00 OK Spooler job found
2009-09-30T18:20:06+02:00 OK Command to execute: originate {ignore_early_media=true}celliax/interface1/666920608 4000 XML public
2009-09-30T18:22:21+02:00 OK *** NEW REQUEST ***
2009-09-30T18:22:21+02:00 OK FreeSWITCH socket open
2009-09-30T18:22:21+02:00 OK Successful authentication
2009-09-30T18:22:21+02:00 OK Spooler job found
2009-09-30T18:22:21+02:00 OK Command to execute: originate {ignore_early_media=true}celliax/interface1/666920608 4000 XML public
2009-09-30T18:22:21+02:00 OK Outgoing call ok
2009-09-30T18:22:21+02:00 OK Closing socket
2009-09-30T18:27:11+02:00 OK *** NEW REQUEST ***
2009-09-30T18:27:11+02:00 OK FreeSWITCH socket open
2009-09-30T18:27:11+02:00 OK Successful authentication
2009-09-30T18:27:11+02:00 OK Spooler job found
2009-09-30T18:27:11+02:00 OK Command to execute: originate {ignore_early_media=true}celliax/interface1/666920608 4000 XML public
2009-09-30T18:27:11+02:00 OK Outgoing call ok
2009-09-30T18:27:11+02:00 OK Closing socket
2009-09-30T18:30:04+02:00 OK *** NEW REQUEST ***
2009-09-30T18:30:04+02:00 OK FreeSWITCH socket open
2009-09-30T18:30:04+02:00 OK Successful authentication
2009-09-30T18:30:04+02:00 OK Spooler job found
2009-09-30T18:30:04+02:00 OK Command to execute: originate {ignore_early_media=true}celliax/interface1/666920608 4000 XML public
2009-09-30T18:32:02+02:00 OK *** NEW REQUEST ***
2009-09-30T18:32:02+02:00 OK FreeSWITCH socket open
2009-09-30T18:32:02+02:00 OK Successful authentication
2009-09-30T18:32:02+02:00 OK Spooler job found
2009-09-30T18:32:02+02:00 OK Command to execute: originate {ignore_early_media=true}celliax/interface1/666920608 4000 XML public
2009-09-30T18:32:02+02:00 OK Outgoing call ok
2009-09-30T18:32:02+02:00 OK Closing socket
2009-09-30T18:36:43+02:00 OK *** NEW REQUEST ***
2009-09-30T18:36:43+02:00 OK FreeSWITCH socket open
2009-09-30T18:36:43+02:00 OK Successful authentication
2009-09-30T18:36:43+02:00 OK Spooler job found
2009-09-30T18:36:43+02:00 OK Command to execute: originate {ignore_early_media=true}celliax/interface1/666920608 4000 XML public
2009-09-30T18:36:43+02:00 OK Outgoing call ok
2009-09-30T18:36:43+02:00 OK Closing socket
2009-09-30T18:38:04+02:00 OK *** NEW REQUEST ***
2009-09-30T18:38:04+02:00 OK FreeSWITCH socket open
2009-09-30T18:38:04+02:00 OK Successful authentication
2009-09-30T18:38:04+02:00 OK Spooler job found
2009-09-30T18:38:04+02:00 OK Command to execute: originate {ignore_early_media=true}celliax/interface1/666920608 4000 XML public
2009-09-30T18:38:04+02:00 OK Outgoing call ok
2009-09-30T18:38:04+02:00 OK Closing socket
2009-09-30T18:41:02+02:00 OK *** NEW REQUEST ***
2009-09-30T18:41:02+02:00 OK FreeSWITCH socket open
2009-09-30T18:41:02+02:00 OK Successful authentication
2009-09-30T18:41:02+02:00 OK Spooler job found
2009-09-30T18:41:02+02:00 OK Command to execute: originate {ignore_early_media=true}celliax/interface1/666920608 4000 XML public
2009-09-30T18:41:02+02:00 OK Outgoing call ok
2009-09-30T18:41:02+02:00 OK Closing socket
2009-09-30T18:44:08+02:00 OK *** NEW REQUEST ***
2009-09-30T18:44:08+02:00 OK FreeSWITCH socket open
2009-09-30T18:44:08+02:00 OK Successful authentication
2009-09-30T18:44:08+02:00 OK Spooler job found
2009-09-30T18:44:08+02:00 OK Command to execute: originate {ignore_early_media=true}celliax/interface1/666920608 4000 XML public
2009-09-30T18:44:08+02:00 OK Outgoing call ok
2009-09-30T18:44:08+02:00 OK Closing socket
2009-09-30T18:46:08+02:00 OK *** NEW REQUEST ***
2009-09-30T18:46:08+02:00 OK FreeSWITCH socket open
2009-09-30T18:46:08+02:00 OK Successful authentication
2009-09-30T18:46:08+02:00 OK Spooler job found
2009-09-30T18:46:08+02:00 OK Command to execute: originate {ignore_early_media=true}celliax/interface1/666920608 4000 XML public
2009-09-30T18:46:08+02:00 OK Outgoing call ok
2009-09-30T18:46:08+02:00 OK Closing socket
2009-09-30T18:48:21+02:00 OK *** NEW REQUEST ***
2009-09-30T18:48:21+02:00 OK FreeSWITCH socket open
2009-09-30T18:48:21+02:00 OK Successful authentication
2009-09-30T18:48:21+02:00 OK Spooler job found
2009-09-30T18:48:21+02:00 OK Command to execute: originate {ignore_early_media=true}celliax/interface1/666920608 4000 XML public
2009-09-30T18:48:21+02:00 OK Outgoing call ok
2009-09-30T18:48:21+02:00 OK Closing socket
2009-09-30T18:51:05+02:00 OK *** NEW REQUEST ***
2009-09-30T18:51:05+02:00 OK FreeSWITCH socket open
2009-09-30T18:51:05+02:00 OK Successful authentication
2009-09-30T18:51:05+02:00 OK Spooler job found
2009-09-30T18:51:05+02:00 OK Command to execute: originate {ignore_early_media=true}celliax/interface1/666920608 4000 XML public
2009-09-30T18:51:05+02:00 OK Outgoing call ok
2009-09-30T18:51:05+02:00 OK Closing socket
2009-09-30T18:52:59+02:00 OK *** NEW REQUEST ***
2009-09-30T18:52:59+02:00 OK FreeSWITCH socket open
2009-09-30T18:52:59+02:00 OK Successful authentication
2009-09-30T18:52:59+02:00 OK Spooler job found
2009-09-30T18:52:59+02:00 OK Command to execute: originate {ignore_early_media=true}celliax/interface1/666920608 4000 XML public
2009-09-30T18:52:59+02:00 OK Outgoing call ok
2009-09-30T18:52:59+02:00 OK Closing socket
2009-09-30T18:55:29+02:00 OK *** NEW REQUEST ***
2009-09-30T18:55:29+02:00 OK FreeSWITCH socket open
2009-09-30T18:55:29+02:00 OK Successful authentication
2009-09-30T18:55:29+02:00 OK Spooler job found
2009-09-30T18:55:29+02:00 OK Command to execute: originate {ignore_early_media=true}celliax/interface1/666920608 4000 XML public
2009-09-30T18:55:29+02:00 OK Outgoing call ok
2009-09-30T18:55:29+02:00 OK Closing socket
2009-09-30T18:56:46+02:00 OK *** NEW REQUEST ***
2009-09-30T18:56:46+02:00 OK FreeSWITCH socket open
2009-09-30T18:56:46+02:00 OK Successful authentication
2009-09-30T18:56:46+02:00 OK Spooler job found
2009-09-30T18:56:46+02:00 OK Command to execute: originate {ignore_early_media=true}celliax/interface1/666920608 4000 XML public
2009-09-30T18:56:46+02:00 OK Outgoing call ok
2009-09-30T18:56:46+02:00 OK Closing socket
2009-09-30T18:58:14+02:00 OK *** NEW REQUEST ***
2009-09-30T18:58:14+02:00 OK FreeSWITCH socket open
2009-09-30T18:58:14+02:00 OK Successful authentication
2009-09-30T18:58:14+02:00 OK Spooler job found
2009-09-30T18:58:14+02:00 OK Command to execute: originate {ignore_early_media=true}celliax/interface1/666920608 4000 XML public
2009-09-30T18:58:14+02:00 RETRY Outgoing call: busy line
2009-09-30T18:58:14+02:00  Outgoing call: busy line
2009-09-30T18:58:14+02:00 RETRY Wait 11 s
2009-09-30T18:58:25+02:00 OK Closing socket
2009-09-30T18:59:38+02:00 OK *** NEW REQUEST ***
2009-09-30T18:59:38+02:00 OK FreeSWITCH socket open
2009-09-30T18:59:38+02:00 OK Successful authentication
2009-09-30T18:59:38+02:00 OK Spooler job found
2009-09-30T18:59:38+02:00 OK Command to execute: originate {ignore_early_media=true}celliax/interface1/666920608 4000 XML public
2009-09-30T18:59:38+02:00 RETRY Outgoing call: busy line
2009-09-30T18:59:38+02:00 RETRY Wait 10 s
2009-09-30T18:59:48+02:00 OK Closing socket
2009-09-30T19:01:22+02:00 OK *** NEW REQUEST ***
2009-09-30T19:01:22+02:00 OK FreeSWITCH socket open
2009-09-30T19:01:22+02:00 OK Successful authentication
2009-09-30T19:01:22+02:00 OK Spooler job found
2009-09-30T19:01:22+02:00 OK Command to execute: originate {ignore_early_media=true}celliax/interface1/666920608 4000 XML public
2009-09-30T19:01:22+02:00 OK Closing socket
2009-09-30T19:02:33+02:00 OK *** NEW REQUEST ***
2009-09-30T19:02:33+02:00 OK FreeSWITCH socket open
2009-09-30T19:02:33+02:00 OK Successful authentication
2009-09-30T19:02:33+02:00 OK Spooler job found
2009-09-30T19:02:33+02:00 OK Command to execute: originate {ignore_early_media=true}celliax/interface1/666920608 4000 XML public
2009-09-30T19:02:33+02:00 RETRY Outgoing call: busy line
2009-09-30T19:02:33+02:00 RETRY Wait 7 s
2009-09-30T19:02:40+02:00 OK Outgoing call ok
2009-09-30T19:02:40+02:00 OK Outgoing call ok
2009-09-30T19:02:40+02:00 OK Outgoing call ok
2009-09-30T19:02:40+02:00 OK Outgoing call ok
2009-09-30T19:02:40+02:00 OK Closing socket
2009-09-30T19:04:17+02:00 OK *** NEW REQUEST ***
2009-09-30T19:04:17+02:00 OK FreeSWITCH socket open
2009-09-30T19:04:17+02:00 OK Successful authentication
2009-09-30T19:04:17+02:00 OK Spooler job found
2009-09-30T19:04:17+02:00 OK Command to execute: originate {ignore_early_media=true}celliax/interface1/666920608 4000 XML public
2009-09-30T19:04:17+02:00 RETRY Outgoing call: busy line
2009-09-30T19:04:17+02:00 RETRY Wait 9 s
2009-09-30T19:04:26+02:00 OK Outgoing call ok
2009-09-30T19:04:26+02:00 OK Closing socket
