2009-09-29T18:17:59+02:00 OK socket setup
2009-09-29T18:19:15+02:00 OK Spooler job created: 113,SIP,1001,4000
2009-09-29T18:22:21+02:00 OK socket setup
2009-09-29T18:23:59+02:00 OK New spooler job: 114,SIP,1001,4000
2009-09-29T18:26:45+02:00 OK New spooler job: 115,SIP,1001,4000
2009-09-29T18:35:20+02:00 OK New spooler job: 116,SIP,1001,4000
2009-09-29T18:35:20+02:00 OK New spooler job: 117,SIP,1001,4000
2009-09-29T18:37:17+02:00 OK New spooler job: 118,SIP,1001,4000
2009-09-30T10:05:09+02:00 OK socket setup
2009-09-30T10:10:29+02:00 OK New spooler job: ,,,2000
2009-09-30T10:11:52+02:00 OK New spooler job: 120,SIP,1001,2000
2009-09-30T10:13:23+02:00 OK New spooler job: 121,SIP,1001,2000
2009-09-30T10:22:52+02:00 OK New spooler job: 122,GSM,666920608,4000
2009-09-30T10:27:21+02:00 OK New spooler job: 123,GSM,666920608,4000
2009-09-30T10:33:59+02:00 OK New spooler job: 124,GSM,666920608,4000
2009-09-30T10:41:59+02:00 OK socket setup
2009-09-30T10:42:30+02:00 OK socket setup
2009-09-30T10:43:56+02:00 OK New spooler job: 125,GSM,666920608,4000
2009-09-30T10:46:43+02:00 OK New spooler job: 126,GSM,666920608,4000
2009-09-30T10:53:07+02:00 OK socket setup
2009-09-30T10:53:34+02:00 OK New spooler job: 127,GSM,666920608,4000
2009-09-30T11:01:51+02:00 OK New spooler job: 128,GSM,666920608,4000
2009-09-30T11:04:27+02:00 OK New spooler job: 129,GSM,666920608,4000
2009-09-30T11:06:48+02:00 OK New spooler job: 130,GSM,666920608,4000
2009-09-30T11:11:43+02:00 OK New spooler job: 131,GSM,666920608,4000
2009-09-30T11:13:57+02:00 OK New spooler job: 132,GSM,666920608,4000
2009-09-30T11:15:31+02:00 OK New spooler job: 133,GSM,666920608,4000
2009-09-30T11:25:49+02:00 OK New spooler job: 134,GSM,666920608,4000
2009-09-30T11:31:24+02:00 OK New spooler job: 135,GSM,666920608,4000
2009-09-30T11:32:40+02:00 OK New spooler job: 136,GSM,666920608,4000
2009-09-30T11:35:19+02:00 OK New spooler job: 137,GSM,666920608,4000
2009-09-30T11:38:24+02:00 OK New spooler job: 138,GSM,666920608,4000
2009-09-30T11:40:55+02:00 OK New spooler job: 139,GSM,666920608,4000
2009-09-30T11:42:41+02:00 OK New spooler job: 140,GSM,666920608,4000
2009-09-30T15:41:38+02:00 OK socket setup
2009-09-30T16:14:59+02:00 OK socket setup
2009-09-30T16:44:30+02:00 OK New spooler job: 141,GSM,666920608,4000
2009-09-30T16:46:05+02:00 OK New spooler job: 142,GSM,666920608,4000
2009-09-30T16:50:17+02:00 OK New spooler job: 143,GSM,666920608,4000
2009-09-30T16:54:50+02:00 OK New spooler job: 144,GSM,666920608,4000
2009-09-30T16:58:43+02:00 OK New spooler job: 145,GSM,666920608,4000
2009-09-30T17:03:36+02:00 OK New spooler job: 146,GSM,666920608,4000
2009-09-30T17:06:31+02:00 OK New spooler job: 147,GSM,666920608,4000
2009-09-30T17:09:52+02:00 OK New spooler job: 148,GSM,666920608,4000
2009-09-30T17:15:17+02:00 OK New spooler job: 149,GSM,666920608,4000
2009-09-30T17:49:53+02:00 OK New spooler job: 150,GSM,666920608,4000
2009-09-30T17:52:39+02:00 OK New spooler job: 151,GSM,666920608,4000
2009-09-30T17:56:05+02:00 OK New spooler job: 152,GSM,666920608,4000
2009-09-30T17:58:16+02:00 OK New spooler job: 153,GSM,666920608,4000
2009-09-30T18:00:37+02:00 OK New spooler job: 154,GSM,666920608,4000
2009-09-30T18:09:38+02:00 OK New spooler job: 155,GSM,666920608,4000
2009-09-30T18:12:39+02:00 OK New spooler job: 156,GSM,666920608,4000
2009-09-30T18:15:24+02:00 OK New spooler job: 157,GSM,666920608,4000
2009-09-30T18:18:21+02:00 OK New spooler job: 158,GSM,666920608,4000
2009-09-30T18:20:06+02:00 OK New spooler job: 159,GSM,666920608,4000
2009-09-30T18:22:21+02:00 OK New spooler job: 160,GSM,666920608,4000
2009-09-30T18:27:11+02:00 OK New spooler job: 161,GSM,666920608,4000
2009-09-30T18:30:04+02:00 OK New spooler job: 162,GSM,666920608,4000
2009-09-30T18:32:01+02:00 OK New spooler job: 163,GSM,666920608,4000
2009-09-30T18:36:43+02:00 OK New spooler job: 164,GSM,666920608,4000
2009-09-30T18:38:04+02:00 OK New spooler job: 165,GSM,666920608,4000
2009-09-30T18:41:02+02:00 OK New spooler job: 166,GSM,666920608,4000
2009-09-30T18:44:08+02:00 OK New spooler job: 167,GSM,666920608,4000
2009-09-30T18:46:07+02:00 OK New spooler job: 168,GSM,666920608,4000
2009-09-30T18:48:21+02:00 OK New spooler job: 169,GSM,666920608,4000
2009-09-30T18:51:05+02:00 OK New spooler job: 170,GSM,666920608,4000
2009-09-30T18:52:36+02:00 OK socket setup
2009-09-30T18:52:59+02:00 OK New spooler job: 171,GSM,666920608,4000
2009-09-30T18:55:29+02:00 OK New spooler job: 172,GSM,666920608,4000
2009-09-30T18:56:46+02:00 OK New spooler job: 173,GSM,666920608,4000
2009-09-30T18:58:14+02:00 OK New spooler job: 174,GSM,666920608,4000
2009-09-30T18:59:38+02:00 OK New spooler job: 175,GSM,666920608,4000
2009-09-30T19:01:22+02:00 OK New spooler job: 176,GSM,666920608,4000
2009-09-30T19:02:33+02:00 OK New spooler job: 177,GSM,666920608,4000
2009-09-30T19:04:17+02:00 OK New spooler job: 178,GSM,666920608,4000
