
May 31 21:44:09 dispatcher_in [7971] INFO Dispatcher started
May 31 21:44:14 dispatcher_in [7971] INFO Successfully connected to FreeSWITCH
May 31 21:44:14 dispatcher_in [7971] INFO Successfully connected to spooler database
May 31 21:44:14 dispatcher_in [7971] INFO Successfully subscribed to events
May 31 21:44:15 dispatcher_in [7971] INFO New event: SERVER_DISCONNECTED
May 31 21:44:15 dispatcher_in [7971] INFO Event name: 
May 31 21:44:15 dispatcher_in [7971] ERROR Application match not found
May 31 21:44:20 dispatcher_in [7971] ERROR Failed to connect to FreeSWITCH
May 31 21:44:25 dispatcher_in [7971] ERROR Failed to connect to FreeSWITCH
May 31 21:44:30 dispatcher_in [7971] ERROR Failed to connect to FreeSWITCH
May 31 21:44:35 dispatcher_in [7971] ERROR Failed to connect to FreeSWITCH
May 31 21:44:40 dispatcher_in [7971] ERROR Failed to connect to FreeSWITCH
May 31 21:44:45 dispatcher_in [7971] ERROR Failed to connect to FreeSWITCH
May 31 21:44:50 dispatcher_in [7971] ERROR Failed to connect to FreeSWITCH
May 31 21:44:55 dispatcher_in [7971] ERROR Failed to connect to FreeSWITCH
May 31 21:45:00 dispatcher_in [7971] ERROR Failed to connect to FreeSWITCH
May 31 21:45:05 dispatcher_in [7971] ERROR Failed to connect to FreeSWITCH
May 31 21:45:10 dispatcher_in [7971] ERROR Failed to connect to FreeSWITCH
May 31 21:45:15 dispatcher_in [7971] ERROR Failed to connect to FreeSWITCH
May 31 21:45:20 dispatcher_in [7971] ERROR Failed to connect to FreeSWITCH
May 31 21:45:25 dispatcher_in [7971] ERROR Failed to connect to FreeSWITCH
May 31 21:45:30 dispatcher_in [7971] ERROR Failed to connect to FreeSWITCH
May 31 21:45:35 dispatcher_in [7971] ERROR Failed to connect to FreeSWITCH
May 31 21:45:40 dispatcher_in [7971] ERROR Failed to connect to FreeSWITCH
May 31 21:45:45 dispatcher_in [7971] ERROR Failed to connect to FreeSWITCH
May 31 21:45:50 dispatcher_in [7971] ERROR Failed to connect to FreeSWITCH
May 31 21:45:55 dispatcher_in [7971] ERROR Failed to connect to FreeSWITCH
May 31 21:46:00 dispatcher_in [7971] ERROR Failed to connect to FreeSWITCH
May 31 21:46:05 dispatcher_in [7971] ERROR Failed to connect to FreeSWITCH
May 31 21:46:10 dispatcher_in [7971] ERROR Failed to connect to FreeSWITCH
May 31 21:46:15 dispatcher_in [7971] ERROR Failed to connect to FreeSWITCH
May 31 21:46:20 dispatcher_in [7971] ERROR Failed to connect to FreeSWITCH
May 31 21:46:25 dispatcher_in [7971] ERROR Failed to connect to FreeSWITCH
May 31 21:46:30 dispatcher_in [7971] ERROR Failed to connect to FreeSWITCH
May 31 21:46:35 dispatcher_in [7971] ERROR Failed to connect to FreeSWITCH
May 31 21:46:40 dispatcher_in [7971] ERROR Failed to connect to FreeSWITCH
May 31 21:46:45 dispatcher_in [7971] ERROR Failed to connect to FreeSWITCH
May 31 21:46:50 dispatcher_in [7971] ERROR Failed to connect to FreeSWITCH
May 31 21:46:55 dispatcher_in [7971] ERROR Failed to connect to FreeSWITCH
May 31 21:47:00 dispatcher_in [7971] ERROR Failed to connect to FreeSWITCH
May 31 21:47:05 dispatcher_in [7971] ERROR Failed to connect to FreeSWITCH
May 31 21:47:10 dispatcher_in [7971] ERROR Failed to connect to FreeSWITCH
May 31 21:47:15 dispatcher_in [7971] ERROR Failed to connect to FreeSWITCH
May 31 21:47:20 dispatcher_in [7971] ERROR Failed to connect to FreeSWITCH
May 31 21:47:25 dispatcher_in [7971] ERROR Failed to connect to FreeSWITCH
May 31 21:47:30 dispatcher_in [7971] ERROR Failed to connect to FreeSWITCH
May 31 21:47:35 dispatcher_in [7971] ERROR Failed to connect to FreeSWITCH
May 31 21:47:40 dispatcher_in [7971] ERROR Failed to connect to FreeSWITCH
May 31 21:47:45 dispatcher_in [7971] ERROR Failed to connect to FreeSWITCH
May 31 21:47:50 dispatcher_in [7971] ERROR Failed to connect to FreeSWITCH
May 31 21:47:55 dispatcher_in [7971] ERROR Failed to connect to FreeSWITCH
May 31 21:48:00 dispatcher_in [7971] ERROR Failed to connect to FreeSWITCH
May 31 21:48:05 dispatcher_in [7971] ERROR Failed to connect to FreeSWITCH
May 31 21:48:10 dispatcher_in [7971] ERROR Failed to connect to FreeSWITCH
May 31 21:48:15 dispatcher_in [7971] ERROR Failed to connect to FreeSWITCH
May 31 21:48:20 dispatcher_in [7971] ERROR Failed to connect to FreeSWITCH
May 31 21:48:25 dispatcher_in [7971] ERROR Failed to connect to FreeSWITCH
May 31 21:48:30 dispatcher_in [7971] ERROR Failed to connect to FreeSWITCH
May 31 21:48:35 dispatcher_in [7971] ERROR Failed to connect to FreeSWITCH
May 31 21:48:40 dispatcher_in [7971] ERROR Failed to connect to FreeSWITCH
May 31 21:48:45 dispatcher_in [7971] ERROR Failed to connect to FreeSWITCH
May 31 21:48:50 dispatcher_in [7971] ERROR Failed to connect to FreeSWITCH
May 31 21:48:55 dispatcher_in [7971] ERROR Failed to connect to FreeSWITCH
May 31 21:49:00 dispatcher_in [7971] ERROR Failed to connect to FreeSWITCH
May 31 21:49:05 dispatcher_in [7971] ERROR Failed to connect to FreeSWITCH
May 31 21:49:10 dispatcher_in [7971] ERROR Failed to connect to FreeSWITCH
May 31 21:49:15 dispatcher_in [7971] ERROR Failed to connect to FreeSWITCH
May 31 21:49:20 dispatcher_in [7971] ERROR Failed to connect to FreeSWITCH
May 31 21:49:25 dispatcher_in [7971] ERROR Failed to connect to FreeSWITCH
May 31 21:49:30 dispatcher_in [7971] ERROR Failed to connect to FreeSWITCH
May 31 21:49:35 dispatcher_in [7971] ERROR Failed to connect to FreeSWITCH
May 31 21:49:40 dispatcher_in [7971] ERROR Failed to connect to FreeSWITCH
May 31 21:49:45 dispatcher_in [7971] ERROR Failed to connect to FreeSWITCH
May 31 21:49:50 dispatcher_in [7971] ERROR Failed to connect to FreeSWITCH
May 31 21:49:55 dispatcher_in [7971] ERROR Failed to connect to FreeSWITCH
May 31 21:50:00 dispatcher_in [7971] ERROR Failed to connect to FreeSWITCH
May 31 21:50:05 dispatcher_in [7971] ERROR Failed to connect to FreeSWITCH
May 31 21:50:10 dispatcher_in [7971] ERROR Failed to connect to FreeSWITCH
May 31 21:50:15 dispatcher_in [7971] ERROR Failed to connect to FreeSWITCH
May 31 21:50:20 dispatcher_in [7971] ERROR Failed to connect to FreeSWITCH
May 31 21:50:25 dispatcher_in [7971] ERROR Failed to connect to FreeSWITCH
May 31 21:50:30 dispatcher_in [7971] ERROR Failed to connect to FreeSWITCH
May 31 21:50:35 dispatcher_in [7971] ERROR Failed to connect to FreeSWITCH
May 31 21:50:40 dispatcher_in [7971] ERROR Failed to connect to FreeSWITCH
May 31 21:50:45 dispatcher_in [7971] ERROR Failed to connect to FreeSWITCH
May 31 21:50:50 dispatcher_in [7971] ERROR Failed to connect to FreeSWITCH
May 31 21:50:55 dispatcher_in [7971] ERROR Failed to connect to FreeSWITCH
May 31 21:51:00 dispatcher_in [7971] ERROR Failed to connect to FreeSWITCH
May 31 21:51:05 dispatcher_in [7971] ERROR Failed to connect to FreeSWITCH
May 31 21:51:10 dispatcher_in [7971] ERROR Failed to connect to FreeSWITCH
May 31 21:51:15 dispatcher_in [7971] ERROR Failed to connect to FreeSWITCH
May 31 21:51:20 dispatcher_in [7971] ERROR Failed to connect to FreeSWITCH
May 31 21:51:25 dispatcher_in [7971] ERROR Failed to connect to FreeSWITCH
May 31 21:51:30 dispatcher_in [7971] ERROR Failed to connect to FreeSWITCH
May 31 21:51:35 dispatcher_in [7971] ERROR Failed to connect to FreeSWITCH
May 31 21:51:40 dispatcher_in [7971] ERROR Failed to connect to FreeSWITCH
May 31 21:51:45 dispatcher_in [7971] ERROR Failed to connect to FreeSWITCH
May 31 21:51:50 dispatcher_in [7971] ERROR Failed to connect to FreeSWITCH
May 31 21:51:55 dispatcher_in [7971] ERROR Failed to connect to FreeSWITCH
May 31 21:52:00 dispatcher_in [7971] ERROR Failed to connect to FreeSWITCH
May 31 21:52:05 dispatcher_in [7971] ERROR Failed to connect to FreeSWITCH
May 31 21:52:10 dispatcher_in [7971] ERROR Failed to connect to FreeSWITCH
May 31 21:52:15 dispatcher_in [7971] ERROR Failed to connect to FreeSWITCH
May 31 21:52:20 dispatcher_in [7971] ERROR Failed to connect to FreeSWITCH
May 31 21:52:25 dispatcher_in [7971] ERROR Failed to connect to FreeSWITCH
May 31 21:52:30 dispatcher_in [7971] ERROR Failed to connect to FreeSWITCH
May 31 21:52:35 dispatcher_in [7971] ERROR Failed to connect to FreeSWITCH
May 31 21:52:40 dispatcher_in [7971] ERROR Failed to connect to FreeSWITCH
May 31 21:52:45 dispatcher_in [7971] ERROR Failed to connect to FreeSWITCH
May 31 21:52:50 dispatcher_in [7971] ERROR Failed to connect to FreeSWITCH
May 31 21:52:55 dispatcher_in [7971] ERROR Failed to connect to FreeSWITCH
May 31 21:53:00 dispatcher_in [7971] ERROR Failed to connect to FreeSWITCH
May 31 21:53:05 dispatcher_in [7971] ERROR Failed to connect to FreeSWITCH
May 31 21:53:10 dispatcher_in [7971] ERROR Failed to connect to FreeSWITCH
May 31 21:53:15 dispatcher_in [7971] ERROR Failed to connect to FreeSWITCH
May 31 21:53:20 dispatcher_in [7971] ERROR Failed to connect to FreeSWITCH
May 31 21:53:25 dispatcher_in [7971] ERROR Failed to connect to FreeSWITCH
May 31 21:53:30 dispatcher_in [7971] ERROR Failed to connect to FreeSWITCH
May 31 21:53:35 dispatcher_in [7971] ERROR Failed to connect to FreeSWITCH
May 31 21:53:40 dispatcher_in [7971] ERROR Failed to connect to FreeSWITCH
May 31 21:53:45 dispatcher_in [7971] ERROR Failed to connect to FreeSWITCH
May 31 21:53:50 dispatcher_in [7971] ERROR Failed to connect to FreeSWITCH
May 31 21:53:55 dispatcher_in [7971] ERROR Failed to connect to FreeSWITCH
May 31 21:54:00 dispatcher_in [7971] ERROR Failed to connect to FreeSWITCH
May 31 21:54:05 dispatcher_in [7971] ERROR Failed to connect to FreeSWITCH
May 31 21:54:10 dispatcher_in [7971] ERROR Failed to connect to FreeSWITCH
May 31 21:54:15 dispatcher_in [7971] ERROR Failed to connect to FreeSWITCH
May 31 21:54:20 dispatcher_in [7971] ERROR Failed to connect to FreeSWITCH
May 31 21:54:25 dispatcher_in [7971] ERROR Failed to connect to FreeSWITCH
May 31 21:54:30 dispatcher_in [7971] ERROR Failed to connect to FreeSWITCH
May 31 21:54:35 dispatcher_in [7971] ERROR Failed to connect to FreeSWITCH
May 31 21:54:40 dispatcher_in [7971] ERROR Failed to connect to FreeSWITCH
May 31 21:54:45 dispatcher_in [7971] ERROR Failed to connect to FreeSWITCH
May 31 21:54:50 dispatcher_in [7971] ERROR Failed to connect to FreeSWITCH
May 31 21:54:55 dispatcher_in [7971] ERROR Failed to connect to FreeSWITCH
May 31 21:55:00 dispatcher_in [7971] ERROR Failed to connect to FreeSWITCH
May 31 21:55:05 dispatcher_in [7971] ERROR Failed to connect to FreeSWITCH
May 31 21:55:10 dispatcher_in [7971] ERROR Failed to connect to FreeSWITCH
May 31 21:55:15 dispatcher_in [7971] ERROR Failed to connect to FreeSWITCH
May 31 21:55:20 dispatcher_in [7971] ERROR Failed to connect to FreeSWITCH
May 31 21:55:25 dispatcher_in [7971] ERROR Failed to connect to FreeSWITCH
May 31 21:55:30 dispatcher_in [7971] ERROR Failed to connect to FreeSWITCH
May 31 21:55:35 dispatcher_in [7971] ERROR Failed to connect to FreeSWITCH
May 31 21:55:40 dispatcher_in [7971] ERROR Failed to connect to FreeSWITCH
May 31 21:55:45 dispatcher_in [7971] ERROR Failed to connect to FreeSWITCH
May 31 21:55:50 dispatcher_in [7971] ERROR Failed to connect to FreeSWITCH
May 31 21:55:55 dispatcher_in [7971] ERROR Failed to connect to FreeSWITCH
May 31 21:56:00 dispatcher_in [7971] ERROR Failed to connect to FreeSWITCH
May 31 21:56:05 dispatcher_in [7971] ERROR Failed to connect to FreeSWITCH
May 31 21:56:10 dispatcher_in [7971] ERROR Failed to connect to FreeSWITCH
May 31 21:56:15 dispatcher_in [7971] ERROR Failed to connect to FreeSWITCH
May 31 21:56:20 dispatcher_in [7971] ERROR Failed to connect to FreeSWITCH
May 31 21:56:25 dispatcher_in [7971] ERROR Failed to connect to FreeSWITCH
May 31 21:56:30 dispatcher_in [7971] ERROR Failed to connect to FreeSWITCH
May 31 21:56:35 dispatcher_in [7971] ERROR Failed to connect to FreeSWITCH
May 31 21:56:40 dispatcher_in [7971] ERROR Failed to connect to FreeSWITCH
May 31 21:56:45 dispatcher_in [7971] ERROR Failed to connect to FreeSWITCH
May 31 21:56:50 dispatcher_in [7971] ERROR Failed to connect to FreeSWITCH
May 31 21:56:55 dispatcher_in [7971] ERROR Failed to connect to FreeSWITCH
May 31 21:57:00 dispatcher_in [7971] ERROR Failed to connect to FreeSWITCH
May 31 21:57:05 dispatcher_in [7971] ERROR Failed to connect to FreeSWITCH
May 31 21:57:10 dispatcher_in [7971] ERROR Failed to connect to FreeSWITCH
May 31 21:57:15 dispatcher_in [7971] ERROR Failed to connect to FreeSWITCH
May 31 21:57:20 dispatcher_in [7971] ERROR Failed to connect to FreeSWITCH
May 31 21:57:25 dispatcher_in [7971] ERROR Failed to connect to FreeSWITCH
May 31 21:57:30 dispatcher_in [7971] ERROR Failed to connect to FreeSWITCH
May 31 21:57:35 dispatcher_in [7971] ERROR Failed to connect to FreeSWITCH
May 31 21:57:40 dispatcher_in [7971] ERROR Failed to connect to FreeSWITCH
May 31 21:57:45 dispatcher_in [7971] ERROR Failed to connect to FreeSWITCH
May 31 21:57:50 dispatcher_in [7971] ERROR Failed to connect to FreeSWITCH
May 31 21:57:55 dispatcher_in [7971] ERROR Failed to connect to FreeSWITCH
May 31 21:58:00 dispatcher_in [7971] ERROR Failed to connect to FreeSWITCH
May 31 21:58:05 dispatcher_in [7971] ERROR Failed to connect to FreeSWITCH
May 31 21:58:10 dispatcher_in [7971] ERROR Failed to connect to FreeSWITCH
May 31 21:58:15 dispatcher_in [7971] ERROR Failed to connect to FreeSWITCH
May 31 21:58:20 dispatcher_in [7971] ERROR Failed to connect to FreeSWITCH
May 31 21:58:25 dispatcher_in [7971] ERROR Failed to connect to FreeSWITCH
May 31 21:58:30 dispatcher_in [7971] ERROR Failed to connect to FreeSWITCH
May 31 21:58:35 dispatcher_in [7971] ERROR Failed to connect to FreeSWITCH
May 31 21:58:40 dispatcher_in [7971] ERROR Failed to connect to FreeSWITCH
May 31 21:58:45 dispatcher_in [7971] ERROR Failed to connect to FreeSWITCH
May 31 21:58:50 dispatcher_in [7971] ERROR Failed to connect to FreeSWITCH
May 31 21:58:55 dispatcher_in [7971] ERROR Failed to connect to FreeSWITCH
May 31 21:59:00 dispatcher_in [7971] ERROR Failed to connect to FreeSWITCH
May 31 21:59:05 dispatcher_in [7971] ERROR Failed to connect to FreeSWITCH
May 31 21:59:10 dispatcher_in [7971] ERROR Failed to connect to FreeSWITCH
May 31 21:59:15 dispatcher_in [7971] ERROR Failed to connect to FreeSWITCH
May 31 21:59:20 dispatcher_in [7971] ERROR Failed to connect to FreeSWITCH
May 31 21:59:25 dispatcher_in [7971] ERROR Failed to connect to FreeSWITCH
May 31 21:59:30 dispatcher_in [7971] ERROR Failed to connect to FreeSWITCH
May 31 21:59:35 dispatcher_in [7971] ERROR Failed to connect to FreeSWITCH
May 31 21:59:40 dispatcher_in [7971] ERROR Failed to connect to FreeSWITCH
May 31 21:59:45 dispatcher_in [7971] ERROR Failed to connect to FreeSWITCH
May 31 21:59:50 dispatcher_in [7971] ERROR Failed to connect to FreeSWITCH
May 31 21:59:55 dispatcher_in [7971] ERROR Failed to connect to FreeSWITCH
May 31 22:00:00 dispatcher_in [7971] ERROR Failed to connect to FreeSWITCH
May 31 22:00:05 dispatcher_in [7971] ERROR Failed to connect to FreeSWITCH
May 31 22:00:10 dispatcher_in [7971] ERROR Failed to connect to FreeSWITCH
May 31 22:00:15 dispatcher_in [7971] ERROR Failed to connect to FreeSWITCH
May 31 22:00:20 dispatcher_in [7971] ERROR Failed to connect to FreeSWITCH
May 31 22:00:25 dispatcher_in [7971] ERROR Failed to connect to FreeSWITCH
May 31 22:00:30 dispatcher_in [7971] ERROR Failed to connect to FreeSWITCH
May 31 22:00:35 dispatcher_in [7971] ERROR Failed to connect to FreeSWITCH
May 31 22:00:40 dispatcher_in [7971] ERROR Failed to connect to FreeSWITCH
May 31 22:00:45 dispatcher_in [7971] ERROR Failed to connect to FreeSWITCH
May 31 22:00:50 dispatcher_in [7971] ERROR Failed to connect to FreeSWITCH
May 31 22:00:55 dispatcher_in [7971] ERROR Failed to connect to FreeSWITCH
May 31 22:01:00 dispatcher_in [7971] ERROR Failed to connect to FreeSWITCH
May 31 22:01:05 dispatcher_in [7971] ERROR Failed to connect to FreeSWITCH
May 31 22:01:10 dispatcher_in [7971] ERROR Failed to connect to FreeSWITCH
May 31 22:01:15 dispatcher_in [7971] ERROR Failed to connect to FreeSWITCH
May 31 22:01:20 dispatcher_in [7971] ERROR Failed to connect to FreeSWITCH
May 31 22:01:25 dispatcher_in [7971] ERROR Failed to connect to FreeSWITCH
May 31 22:01:30 dispatcher_in [7971] ERROR Failed to connect to FreeSWITCH
May 31 22:01:35 dispatcher_in [7971] ERROR Failed to connect to FreeSWITCH
May 31 22:01:40 dispatcher_in [7971] ERROR Failed to connect to FreeSWITCH
May 31 22:01:45 dispatcher_in [7971] ERROR Failed to connect to FreeSWITCH
May 31 22:01:50 dispatcher_in [7971] ERROR Failed to connect to FreeSWITCH
May 31 22:01:55 dispatcher_in [7971] ERROR Failed to connect to FreeSWITCH
May 31 22:02:00 dispatcher_in [7971] ERROR Failed to connect to FreeSWITCH
May 31 22:02:05 dispatcher_in [7971] ERROR Failed to connect to FreeSWITCH
May 31 22:02:10 dispatcher_in [7971] ERROR Failed to connect to FreeSWITCH
May 31 22:02:15 dispatcher_in [7971] ERROR Failed to connect to FreeSWITCH
May 31 22:02:20 dispatcher_in [7971] ERROR Failed to connect to FreeSWITCH
May 31 22:02:25 dispatcher_in [7971] ERROR Failed to connect to FreeSWITCH
May 31 22:02:30 dispatcher_in [7971] ERROR Failed to connect to FreeSWITCH
May 31 22:02:35 dispatcher_in [7971] ERROR Failed to connect to FreeSWITCH
May 31 22:02:40 dispatcher_in [7971] ERROR Failed to connect to FreeSWITCH
May 31 22:02:45 dispatcher_in [7971] ERROR Failed to connect to FreeSWITCH
May 31 22:02:50 dispatcher_in [7971] ERROR Failed to connect to FreeSWITCH
May 31 22:02:55 dispatcher_in [7971] ERROR Failed to connect to FreeSWITCH
May 31 22:03:00 dispatcher_in [7971] ERROR Failed to connect to FreeSWITCH
May 31 22:03:05 dispatcher_in [7971] ERROR Failed to connect to FreeSWITCH
May 31 22:03:10 dispatcher_in [7971] ERROR Failed to connect to FreeSWITCH
May 31 22:03:15 dispatcher_in [7971] ERROR Failed to connect to FreeSWITCH
May 31 22:03:20 dispatcher_in [7971] ERROR Failed to connect to FreeSWITCH
May 31 22:03:25 dispatcher_in [7971] ERROR Failed to connect to FreeSWITCH
May 31 22:03:30 dispatcher_in [7971] ERROR Failed to connect to FreeSWITCH
May 31 22:03:35 dispatcher_in [7971] ERROR Failed to connect to FreeSWITCH
May 31 22:03:40 dispatcher_in [7971] ERROR Failed to connect to FreeSWITCH
May 31 22:03:45 dispatcher_in [7971] ERROR Failed to connect to FreeSWITCH
May 31 22:03:50 dispatcher_in [7971] ERROR Failed to connect to FreeSWITCH
May 31 22:03:55 dispatcher_in [7971] ERROR Failed to connect to FreeSWITCH
May 31 22:04:00 dispatcher_in [7971] ERROR Failed to connect to FreeSWITCH
May 31 22:04:05 dispatcher_in [7971] ERROR Failed to connect to FreeSWITCH
May 31 22:04:10 dispatcher_in [7971] ERROR Failed to connect to FreeSWITCH
May 31 22:04:15 dispatcher_in [7971] ERROR Failed to connect to FreeSWITCH
May 31 22:04:20 dispatcher_in [7971] ERROR Failed to connect to FreeSWITCH
May 31 22:04:25 dispatcher_in [7971] ERROR Failed to connect to FreeSWITCH
May 31 22:04:30 dispatcher_in [7971] ERROR Failed to connect to FreeSWITCH
May 31 22:04:35 dispatcher_in [7971] ERROR Failed to connect to FreeSWITCH
May 31 22:04:40 dispatcher_in [7971] ERROR Failed to connect to FreeSWITCH
May 31 22:04:45 dispatcher_in [7971] ERROR Failed to connect to FreeSWITCH
May 31 22:04:50 dispatcher_in [7971] ERROR Failed to connect to FreeSWITCH
May 31 22:04:55 dispatcher_in [7971] ERROR Failed to connect to FreeSWITCH
May 31 22:05:00 dispatcher_in [7971] ERROR Failed to connect to FreeSWITCH
May 31 22:05:05 dispatcher_in [7971] ERROR Failed to connect to FreeSWITCH
May 31 22:05:10 dispatcher_in [7971] ERROR Failed to connect to FreeSWITCH
May 31 22:05:15 dispatcher_in [7971] ERROR Failed to connect to FreeSWITCH
May 31 22:05:20 dispatcher_in [7971] ERROR Failed to connect to FreeSWITCH
May 31 22:05:25 dispatcher_in [7971] ERROR Failed to connect to FreeSWITCH
May 31 22:05:30 dispatcher_in [7971] ERROR Failed to connect to FreeSWITCH
May 31 22:05:35 dispatcher_in [7971] ERROR Failed to connect to FreeSWITCH
May 31 22:05:40 dispatcher_in [7971] ERROR Failed to connect to FreeSWITCH
May 31 22:05:45 dispatcher_in [7971] ERROR Failed to connect to FreeSWITCH
May 31 22:05:50 dispatcher_in [7971] ERROR Failed to connect to FreeSWITCH
May 31 22:05:55 dispatcher_in [7971] ERROR Failed to connect to FreeSWITCH
May 31 22:06:00 dispatcher_in [7971] ERROR Failed to connect to FreeSWITCH
May 31 22:06:05 dispatcher_in [7971] ERROR Failed to connect to FreeSWITCH
May 31 22:06:10 dispatcher_in [7971] ERROR Failed to connect to FreeSWITCH
May 31 22:06:15 dispatcher_in [7971] ERROR Failed to connect to FreeSWITCH
May 31 22:06:20 dispatcher_in [7971] ERROR Failed to connect to FreeSWITCH
May 31 22:06:25 dispatcher_in [7971] ERROR Failed to connect to FreeSWITCH
May 31 22:06:30 dispatcher_in [7971] ERROR Failed to connect to FreeSWITCH
May 31 22:06:35 dispatcher_in [7971] ERROR Failed to connect to FreeSWITCH
May 31 22:06:40 dispatcher_in [7971] ERROR Failed to connect to FreeSWITCH
May 31 22:06:45 dispatcher_in [7971] ERROR Failed to connect to FreeSWITCH
May 31 22:06:50 dispatcher_in [7971] ERROR Failed to connect to FreeSWITCH
May 31 22:06:55 dispatcher_in [7971] ERROR Failed to connect to FreeSWITCH
May 31 22:07:00 dispatcher_in [7971] ERROR Failed to connect to FreeSWITCH
May 31 22:07:05 dispatcher_in [7971] ERROR Failed to connect to FreeSWITCH
May 31 22:07:10 dispatcher_in [7971] ERROR Failed to connect to FreeSWITCH
May 31 22:07:15 dispatcher_in [7971] ERROR Failed to connect to FreeSWITCH
May 31 22:07:20 dispatcher_in [7971] ERROR Failed to connect to FreeSWITCH
May 31 22:07:25 dispatcher_in [7971] ERROR Failed to connect to FreeSWITCH
May 31 22:07:30 dispatcher_in [7971] ERROR Failed to connect to FreeSWITCH
May 31 22:07:35 dispatcher_in [7971] ERROR Failed to connect to FreeSWITCH
May 31 22:07:40 dispatcher_in [7971] ERROR Failed to connect to FreeSWITCH
May 31 22:07:45 dispatcher_in [7971] ERROR Failed to connect to FreeSWITCH
May 31 22:07:50 dispatcher_in [7971] ERROR Failed to connect to FreeSWITCH
May 31 22:07:55 dispatcher_in [7971] ERROR Failed to connect to FreeSWITCH
May 31 22:08:00 dispatcher_in [7971] ERROR Failed to connect to FreeSWITCH
May 31 22:08:05 dispatcher_in [7971] ERROR Failed to connect to FreeSWITCH
May 31 22:08:10 dispatcher_in [7971] ERROR Failed to connect to FreeSWITCH
May 31 22:08:15 dispatcher_in [7971] ERROR Failed to connect to FreeSWITCH
May 31 22:08:20 dispatcher_in [7971] ERROR Failed to connect to FreeSWITCH
May 31 22:08:25 dispatcher_in [7971] ERROR Failed to connect to FreeSWITCH
May 31 22:08:30 dispatcher_in [7971] ERROR Failed to connect to FreeSWITCH
May 31 22:08:35 dispatcher_in [7971] ERROR Failed to connect to FreeSWITCH
May 31 22:08:40 dispatcher_in [7971] ERROR Failed to connect to FreeSWITCH
May 31 22:08:45 dispatcher_in [7971] ERROR Failed to connect to FreeSWITCH
May 31 22:08:50 dispatcher_in [7971] ERROR Failed to connect to FreeSWITCH
May 31 22:08:55 dispatcher_in [7971] ERROR Failed to connect to FreeSWITCH
May 31 22:09:00 dispatcher_in [7971] ERROR Failed to connect to FreeSWITCH
May 31 22:09:05 dispatcher_in [7971] ERROR Failed to connect to FreeSWITCH
May 31 22:09:10 dispatcher_in [7971] ERROR Failed to connect to FreeSWITCH
May 31 22:09:15 dispatcher_in [7971] ERROR Failed to connect to FreeSWITCH
May 31 22:09:20 dispatcher_in [7971] ERROR Failed to connect to FreeSWITCH
May 31 22:09:25 dispatcher_in [7971] ERROR Failed to connect to FreeSWITCH
May 31 22:09:30 dispatcher_in [7971] ERROR Failed to connect to FreeSWITCH
May 31 22:09:35 dispatcher_in [7971] ERROR Failed to connect to FreeSWITCH
May 31 22:09:40 dispatcher_in [7971] ERROR Failed to connect to FreeSWITCH
May 31 22:09:45 dispatcher_in [7971] ERROR Failed to connect to FreeSWITCH
May 31 22:09:50 dispatcher_in [7971] ERROR Failed to connect to FreeSWITCH
May 31 22:09:55 dispatcher_in [7971] ERROR Failed to connect to FreeSWITCH
May 31 22:10:00 dispatcher_in [7971] ERROR Failed to connect to FreeSWITCH
May 31 22:10:05 dispatcher_in [7971] ERROR Failed to connect to FreeSWITCH
May 31 22:10:10 dispatcher_in [7971] ERROR Failed to connect to FreeSWITCH
May 31 22:10:15 dispatcher_in [7971] ERROR Failed to connect to FreeSWITCH
May 31 22:10:20 dispatcher_in [7971] ERROR Failed to connect to FreeSWITCH
May 31 22:10:25 dispatcher_in [7971] ERROR Failed to connect to FreeSWITCH
May 31 22:10:30 dispatcher_in [7971] ERROR Failed to connect to FreeSWITCH
May 31 22:10:35 dispatcher_in [7971] ERROR Failed to connect to FreeSWITCH
May 31 22:10:40 dispatcher_in [7971] ERROR Failed to connect to FreeSWITCH
May 31 22:10:45 dispatcher_in [7971] ERROR Failed to connect to FreeSWITCH
May 31 22:10:50 dispatcher_in [7971] ERROR Failed to connect to FreeSWITCH
May 31 22:10:55 dispatcher_in [7971] ERROR Failed to connect to FreeSWITCH
May 31 22:11:00 dispatcher_in [7971] ERROR Failed to connect to FreeSWITCH
May 31 22:11:05 dispatcher_in [7971] ERROR Failed to connect to FreeSWITCH
May 31 22:11:10 dispatcher_in [7971] ERROR Failed to connect to FreeSWITCH
May 31 22:11:15 dispatcher_in [7971] ERROR Failed to connect to FreeSWITCH
May 31 22:11:20 dispatcher_in [7971] ERROR Failed to connect to FreeSWITCH
May 31 22:11:25 dispatcher_in [7971] ERROR Failed to connect to FreeSWITCH
May 31 22:11:30 dispatcher_in [7971] ERROR Failed to connect to FreeSWITCH
May 31 22:11:35 dispatcher_in [7971] ERROR Failed to connect to FreeSWITCH
May 31 22:11:40 dispatcher_in [7971] ERROR Failed to connect to FreeSWITCH
May 31 22:11:45 dispatcher_in [7971] ERROR Failed to connect to FreeSWITCH
May 31 22:11:50 dispatcher_in [7971] ERROR Failed to connect to FreeSWITCH
May 31 22:11:55 dispatcher_in [7971] ERROR Failed to connect to FreeSWITCH
May 31 22:12:00 dispatcher_in [7971] ERROR Failed to connect to FreeSWITCH
May 31 22:12:05 dispatcher_in [7971] ERROR Failed to connect to FreeSWITCH
May 31 22:12:10 dispatcher_in [7971] ERROR Failed to connect to FreeSWITCH
May 31 22:12:15 dispatcher_in [7971] ERROR Failed to connect to FreeSWITCH
May 31 22:12:20 dispatcher_in [7971] ERROR Failed to connect to FreeSWITCH
May 31 22:12:25 dispatcher_in [7971] ERROR Failed to connect to FreeSWITCH
May 31 22:12:30 dispatcher_in [7971] ERROR Failed to connect to FreeSWITCH
May 31 22:12:35 dispatcher_in [7971] ERROR Failed to connect to FreeSWITCH
May 31 22:12:40 dispatcher_in [7971] ERROR Failed to connect to FreeSWITCH
May 31 22:12:45 dispatcher_in [7971] ERROR Failed to connect to FreeSWITCH
May 31 22:12:50 dispatcher_in [7971] ERROR Failed to connect to FreeSWITCH
May 31 22:12:55 dispatcher_in [7971] ERROR Failed to connect to FreeSWITCH
May 31 22:13:00 dispatcher_in [7971] ERROR Failed to connect to FreeSWITCH
May 31 22:13:05 dispatcher_in [7971] ERROR Failed to connect to FreeSWITCH
May 31 22:13:10 dispatcher_in [7971] ERROR Failed to connect to FreeSWITCH
May 31 22:13:15 dispatcher_in [7971] ERROR Failed to connect to FreeSWITCH
May 31 22:13:20 dispatcher_in [7971] ERROR Failed to connect to FreeSWITCH
May 31 22:13:25 dispatcher_in [7971] ERROR Failed to connect to FreeSWITCH
May 31 22:13:30 dispatcher_in [7971] ERROR Failed to connect to FreeSWITCH
May 31 22:13:35 dispatcher_in [7971] ERROR Failed to connect to FreeSWITCH
May 31 22:13:40 dispatcher_in [7971] ERROR Failed to connect to FreeSWITCH
May 31 22:13:45 dispatcher_in [7971] ERROR Failed to connect to FreeSWITCH
May 31 22:13:50 dispatcher_in [7971] ERROR Failed to connect to FreeSWITCH
May 31 22:13:55 dispatcher_in [7971] ERROR Failed to connect to FreeSWITCH
May 31 22:14:00 dispatcher_in [7971] ERROR Failed to connect to FreeSWITCH
May 31 22:14:05 dispatcher_in [7971] ERROR Failed to connect to FreeSWITCH
May 31 22:14:10 dispatcher_in [7971] ERROR Failed to connect to FreeSWITCH
May 31 22:14:15 dispatcher_in [7971] ERROR Failed to connect to FreeSWITCH
May 31 22:14:20 dispatcher_in [7971] ERROR Failed to connect to FreeSWITCH
May 31 22:14:25 dispatcher_in [7971] ERROR Failed to connect to FreeSWITCH
May 31 22:14:30 dispatcher_in [7971] ERROR Failed to connect to FreeSWITCH
May 31 22:14:35 dispatcher_in [7971] ERROR Failed to connect to FreeSWITCH
May 31 22:14:40 dispatcher_in [7971] ERROR Failed to connect to FreeSWITCH
May 31 22:14:45 dispatcher_in [7971] ERROR Failed to connect to FreeSWITCH
May 31 22:14:50 dispatcher_in [7971] ERROR Failed to connect to FreeSWITCH
May 31 22:14:55 dispatcher_in [7971] ERROR Failed to connect to FreeSWITCH
May 31 22:15:00 dispatcher_in [7971] ERROR Failed to connect to FreeSWITCH
May 31 22:15:05 dispatcher_in [7971] ERROR Failed to connect to FreeSWITCH
May 31 22:15:10 dispatcher_in [7971] ERROR Failed to connect to FreeSWITCH
May 31 22:15:15 dispatcher_in [7971] ERROR Failed to connect to FreeSWITCH
May 31 22:15:20 dispatcher_in [7971] ERROR Failed to connect to FreeSWITCH
May 31 22:15:25 dispatcher_in [7971] ERROR Failed to connect to FreeSWITCH
May 31 22:15:30 dispatcher_in [7971] ERROR Failed to connect to FreeSWITCH
May 31 22:15:35 dispatcher_in [7971] ERROR Failed to connect to FreeSWITCH
May 31 22:15:40 dispatcher_in [7971] ERROR Failed to connect to FreeSWITCH
May 31 22:15:45 dispatcher_in [7971] ERROR Failed to connect to FreeSWITCH
May 31 22:15:50 dispatcher_in [7971] ERROR Failed to connect to FreeSWITCH
May 31 22:15:55 dispatcher_in [7971] ERROR Failed to connect to FreeSWITCH
May 31 22:16:00 dispatcher_in [7971] ERROR Failed to connect to FreeSWITCH
May 31 22:16:05 dispatcher_in [7971] ERROR Failed to connect to FreeSWITCH
May 31 22:16:10 dispatcher_in [7971] ERROR Failed to connect to FreeSWITCH
May 31 22:16:15 dispatcher_in [7971] ERROR Failed to connect to FreeSWITCH
May 31 22:16:20 dispatcher_in [7971] ERROR Failed to connect to FreeSWITCH
May 31 22:16:25 dispatcher_in [7971] ERROR Failed to connect to FreeSWITCH
May 31 22:16:30 dispatcher_in [7971] ERROR Failed to connect to FreeSWITCH
May 31 22:16:35 dispatcher_in [7971] ERROR Failed to connect to FreeSWITCH
May 31 22:16:40 dispatcher_in [7971] ERROR Failed to connect to FreeSWITCH
May 31 22:16:45 dispatcher_in [7971] ERROR Failed to connect to FreeSWITCH
May 31 22:16:50 dispatcher_in [7971] ERROR Failed to connect to FreeSWITCH
May 31 22:16:55 dispatcher_in [7971] ERROR Failed to connect to FreeSWITCH
May 31 22:17:00 dispatcher_in [7971] ERROR Failed to connect to FreeSWITCH
May 31 22:17:05 dispatcher_in [7971] ERROR Failed to connect to FreeSWITCH
May 31 22:17:10 dispatcher_in [7971] ERROR Failed to connect to FreeSWITCH
May 31 22:17:15 dispatcher_in [7971] ERROR Failed to connect to FreeSWITCH
May 31 22:17:20 dispatcher_in [7971] ERROR Failed to connect to FreeSWITCH
May 31 22:17:25 dispatcher_in [7971] ERROR Failed to connect to FreeSWITCH
May 31 22:17:30 dispatcher_in [7971] ERROR Failed to connect to FreeSWITCH
May 31 22:17:35 dispatcher_in [7971] ERROR Failed to connect to FreeSWITCH
May 31 22:17:40 dispatcher_in [7971] ERROR Failed to connect to FreeSWITCH
May 31 22:17:45 dispatcher_in [7971] ERROR Failed to connect to FreeSWITCH
May 31 22:17:50 dispatcher_in [7971] ERROR Failed to connect to FreeSWITCH
May 31 22:17:55 dispatcher_in [7971] ERROR Failed to connect to FreeSWITCH
May 31 22:18:00 dispatcher_in [7971] ERROR Failed to connect to FreeSWITCH
May 31 22:18:05 dispatcher_in [7971] ERROR Failed to connect to FreeSWITCH
May 31 22:18:10 dispatcher_in [7971] ERROR Failed to connect to FreeSWITCH
May 31 22:18:15 dispatcher_in [7971] ERROR Failed to connect to FreeSWITCH
May 31 22:18:20 dispatcher_in [7971] ERROR Failed to connect to FreeSWITCH
May 31 22:18:25 dispatcher_in [7971] ERROR Failed to connect to FreeSWITCH
May 31 22:18:30 dispatcher_in [7971] ERROR Failed to connect to FreeSWITCH
May 31 22:18:35 dispatcher_in [7971] ERROR Failed to connect to FreeSWITCH
May 31 22:18:40 dispatcher_in [7971] ERROR Failed to connect to FreeSWITCH
May 31 22:18:45 dispatcher_in [7971] ERROR Failed to connect to FreeSWITCH
May 31 22:18:50 dispatcher_in [7971] ERROR Failed to connect to FreeSWITCH
May 31 22:18:55 dispatcher_in [7971] ERROR Failed to connect to FreeSWITCH
May 31 22:19:00 dispatcher_in [7971] ERROR Failed to connect to FreeSWITCH
May 31 22:19:05 dispatcher_in [7971] ERROR Failed to connect to FreeSWITCH
May 31 22:19:10 dispatcher_in [7971] ERROR Failed to connect to FreeSWITCH
May 31 22:19:15 dispatcher_in [7971] ERROR Failed to connect to FreeSWITCH
May 31 22:19:20 dispatcher_in [7971] ERROR Failed to connect to FreeSWITCH
May 31 22:19:25 dispatcher_in [7971] ERROR Failed to connect to FreeSWITCH
May 31 22:19:30 dispatcher_in [7971] ERROR Failed to connect to FreeSWITCH
May 31 22:19:35 dispatcher_in [7971] ERROR Failed to connect to FreeSWITCH
May 31 22:19:40 dispatcher_in [7971] ERROR Failed to connect to FreeSWITCH
May 31 22:19:45 dispatcher_in [7971] ERROR Failed to connect to FreeSWITCH
May 31 22:19:50 dispatcher_in [7971] ERROR Failed to connect to FreeSWITCH
May 31 22:19:55 dispatcher_in [7971] ERROR Failed to connect to FreeSWITCH
May 31 22:20:00 dispatcher_in [7971] ERROR Failed to connect to FreeSWITCH
May 31 22:20:05 dispatcher_in [7971] ERROR Failed to connect to FreeSWITCH
May 31 22:20:10 dispatcher_in [7971] ERROR Failed to connect to FreeSWITCH
May 31 22:20:15 dispatcher_in [7971] ERROR Failed to connect to FreeSWITCH
May 31 22:20:20 dispatcher_in [7971] ERROR Failed to connect to FreeSWITCH
May 31 22:20:25 dispatcher_in [7971] ERROR Failed to connect to FreeSWITCH
May 31 22:20:30 dispatcher_in [7971] ERROR Failed to connect to FreeSWITCH
May 31 22:20:35 dispatcher_in [7971] ERROR Failed to connect to FreeSWITCH
May 31 22:20:40 dispatcher_in [7971] ERROR Failed to connect to FreeSWITCH
May 31 22:20:45 dispatcher_in [7971] ERROR Failed to connect to FreeSWITCH
May 31 22:20:50 dispatcher_in [7971] ERROR Failed to connect to FreeSWITCH
May 31 22:20:55 dispatcher_in [7971] ERROR Failed to connect to FreeSWITCH
May 31 22:21:00 dispatcher_in [7971] ERROR Failed to connect to FreeSWITCH
May 31 22:21:05 dispatcher_in [7971] ERROR Failed to connect to FreeSWITCH
May 31 22:21:10 dispatcher_in [7971] ERROR Failed to connect to FreeSWITCH
May 31 22:21:15 dispatcher_in [7971] ERROR Failed to connect to FreeSWITCH
May 31 22:21:20 dispatcher_in [7971] ERROR Failed to connect to FreeSWITCH
May 31 22:21:25 dispatcher_in [7971] ERROR Failed to connect to FreeSWITCH
May 31 22:21:30 dispatcher_in [7971] ERROR Failed to connect to FreeSWITCH
May 31 22:21:35 dispatcher_in [7971] ERROR Failed to connect to FreeSWITCH
May 31 22:21:40 dispatcher_in [7971] ERROR Failed to connect to FreeSWITCH
May 31 22:21:45 dispatcher_in [7971] ERROR Failed to connect to FreeSWITCH
May 31 22:21:50 dispatcher_in [7971] ERROR Failed to connect to FreeSWITCH
May 31 22:21:55 dispatcher_in [7971] ERROR Failed to connect to FreeSWITCH
May 31 22:22:00 dispatcher_in [7971] ERROR Failed to connect to FreeSWITCH
May 31 22:22:05 dispatcher_in [7971] ERROR Failed to connect to FreeSWITCH
May 31 22:22:10 dispatcher_in [7971] ERROR Failed to connect to FreeSWITCH
May 31 22:22:15 dispatcher_in [7971] ERROR Failed to connect to FreeSWITCH
May 31 22:22:20 dispatcher_in [7971] ERROR Failed to connect to FreeSWITCH
May 31 22:22:25 dispatcher_in [7971] ERROR Failed to connect to FreeSWITCH
May 31 22:22:30 dispatcher_in [7971] ERROR Failed to connect to FreeSWITCH
May 31 22:22:35 dispatcher_in [7971] ERROR Failed to connect to FreeSWITCH
May 31 22:22:40 dispatcher_in [7971] ERROR Failed to connect to FreeSWITCH
May 31 22:22:45 dispatcher_in [7971] ERROR Failed to connect to FreeSWITCH
May 31 22:22:50 dispatcher_in [7971] ERROR Failed to connect to FreeSWITCH
May 31 22:22:55 dispatcher_in [7971] ERROR Failed to connect to FreeSWITCH
May 31 22:23:00 dispatcher_in [7971] ERROR Failed to connect to FreeSWITCH
May 31 22:23:05 dispatcher_in [7971] ERROR Failed to connect to FreeSWITCH
May 31 22:23:10 dispatcher_in [7971] ERROR Failed to connect to FreeSWITCH
May 31 22:23:15 dispatcher_in [7971] ERROR Failed to connect to FreeSWITCH
May 31 22:23:20 dispatcher_in [7971] ERROR Failed to connect to FreeSWITCH
May 31 22:23:25 dispatcher_in [7971] ERROR Failed to connect to FreeSWITCH
May 31 22:23:30 dispatcher_in [7971] ERROR Failed to connect to FreeSWITCH
May 31 22:23:35 dispatcher_in [7971] ERROR Failed to connect to FreeSWITCH
May 31 22:23:40 dispatcher_in [7971] ERROR Failed to connect to FreeSWITCH
May 31 22:23:45 dispatcher_in [7971] ERROR Failed to connect to FreeSWITCH
May 31 22:23:50 dispatcher_in [7971] ERROR Failed to connect to FreeSWITCH
May 31 22:23:55 dispatcher_in [7971] ERROR Failed to connect to FreeSWITCH
May 31 22:24:00 dispatcher_in [7971] ERROR Failed to connect to FreeSWITCH
May 31 22:24:05 dispatcher_in [7971] ERROR Failed to connect to FreeSWITCH
May 31 22:24:10 dispatcher_in [7971] ERROR Failed to connect to FreeSWITCH
May 31 22:24:15 dispatcher_in [7971] ERROR Failed to connect to FreeSWITCH
May 31 22:24:20 dispatcher_in [7971] ERROR Failed to connect to FreeSWITCH
May 31 22:24:25 dispatcher_in [7971] ERROR Failed to connect to FreeSWITCH
May 31 22:24:30 dispatcher_in [7971] ERROR Failed to connect to FreeSWITCH
May 31 22:24:35 dispatcher_in [7971] ERROR Failed to connect to FreeSWITCH
May 31 22:24:40 dispatcher_in [7971] ERROR Failed to connect to FreeSWITCH
May 31 22:24:45 dispatcher_in [7971] ERROR Failed to connect to FreeSWITCH
May 31 22:24:50 dispatcher_in [7971] ERROR Failed to connect to FreeSWITCH
May 31 22:24:55 dispatcher_in [7971] ERROR Failed to connect to FreeSWITCH
May 31 22:25:00 dispatcher_in [7971] ERROR Failed to connect to FreeSWITCH
May 31 22:25:05 dispatcher_in [7971] ERROR Failed to connect to FreeSWITCH
May 31 22:25:10 dispatcher_in [7971] ERROR Failed to connect to FreeSWITCH
May 31 22:25:15 dispatcher_in [7971] ERROR Failed to connect to FreeSWITCH
May 31 22:25:20 dispatcher_in [7971] ERROR Failed to connect to FreeSWITCH
May 31 22:25:25 dispatcher_in [7971] ERROR Failed to connect to FreeSWITCH
May 31 22:25:30 dispatcher_in [7971] ERROR Failed to connect to FreeSWITCH
May 31 22:25:35 dispatcher_in [7971] ERROR Failed to connect to FreeSWITCH
May 31 22:25:40 dispatcher_in [7971] ERROR Failed to connect to FreeSWITCH
May 31 22:25:45 dispatcher_in [7971] ERROR Failed to connect to FreeSWITCH
May 31 22:25:50 dispatcher_in [7971] ERROR Failed to connect to FreeSWITCH
May 31 22:25:55 dispatcher_in [7971] ERROR Failed to connect to FreeSWITCH
May 31 22:26:00 dispatcher_in [7971] ERROR Failed to connect to FreeSWITCH
May 31 22:26:05 dispatcher_in [7971] ERROR Failed to connect to FreeSWITCH
May 31 22:26:10 dispatcher_in [7971] ERROR Failed to connect to FreeSWITCH
May 31 22:26:15 dispatcher_in [7971] ERROR Failed to connect to FreeSWITCH
May 31 22:26:20 dispatcher_in [7971] ERROR Failed to connect to FreeSWITCH
May 31 22:26:25 dispatcher_in [7971] ERROR Failed to connect to FreeSWITCH
May 31 22:26:30 dispatcher_in [7971] ERROR Failed to connect to FreeSWITCH
May 31 22:26:35 dispatcher_in [7971] ERROR Failed to connect to FreeSWITCH
May 31 22:26:40 dispatcher_in [7971] ERROR Failed to connect to FreeSWITCH
May 31 22:26:45 dispatcher_in [7971] ERROR Failed to connect to FreeSWITCH
May 31 22:26:50 dispatcher_in [7971] ERROR Failed to connect to FreeSWITCH
May 31 22:26:55 dispatcher_in [7971] ERROR Failed to connect to FreeSWITCH
May 31 22:27:00 dispatcher_in [7971] ERROR Failed to connect to FreeSWITCH
May 31 22:27:05 dispatcher_in [7971] ERROR Failed to connect to FreeSWITCH
May 31 22:27:10 dispatcher_in [7971] ERROR Failed to connect to FreeSWITCH
May 31 22:27:15 dispatcher_in [7971] ERROR Failed to connect to FreeSWITCH
May 31 22:27:20 dispatcher_in [7971] ERROR Failed to connect to FreeSWITCH
May 31 22:27:25 dispatcher_in [7971] ERROR Failed to connect to FreeSWITCH
May 31 22:27:30 dispatcher_in [7971] ERROR Failed to connect to FreeSWITCH
May 31 22:27:35 dispatcher_in [7971] ERROR Failed to connect to FreeSWITCH
May 31 22:27:40 dispatcher_in [7971] ERROR Failed to connect to FreeSWITCH
May 31 22:27:45 dispatcher_in [7971] ERROR Failed to connect to FreeSWITCH
May 31 22:27:50 dispatcher_in [7971] ERROR Failed to connect to FreeSWITCH
May 31 22:27:55 dispatcher_in [7971] ERROR Failed to connect to FreeSWITCH
May 31 22:28:00 dispatcher_in [7971] ERROR Failed to connect to FreeSWITCH
May 31 22:28:05 dispatcher_in [7971] ERROR Failed to connect to FreeSWITCH
May 31 22:28:10 dispatcher_in [7971] ERROR Failed to connect to FreeSWITCH
May 31 22:28:15 dispatcher_in [7971] ERROR Failed to connect to FreeSWITCH
May 31 22:28:20 dispatcher_in [7971] ERROR Failed to connect to FreeSWITCH
May 31 22:28:25 dispatcher_in [7971] ERROR Failed to connect to FreeSWITCH
May 31 22:28:30 dispatcher_in [7971] ERROR Failed to connect to FreeSWITCH
May 31 22:28:35 dispatcher_in [7971] ERROR Failed to connect to FreeSWITCH
May 31 22:28:40 dispatcher_in [7971] ERROR Failed to connect to FreeSWITCH
May 31 22:28:45 dispatcher_in [7971] ERROR Failed to connect to FreeSWITCH
May 31 22:28:50 dispatcher_in [7971] ERROR Failed to connect to FreeSWITCH
May 31 22:28:55 dispatcher_in [7971] ERROR Failed to connect to FreeSWITCH
May 31 22:29:00 dispatcher_in [7971] ERROR Failed to connect to FreeSWITCH
May 31 22:29:05 dispatcher_in [7971] ERROR Failed to connect to FreeSWITCH
May 31 22:29:10 dispatcher_in [7971] ERROR Failed to connect to FreeSWITCH
May 31 22:29:15 dispatcher_in [7971] ERROR Failed to connect to FreeSWITCH
May 31 22:29:20 dispatcher_in [7971] ERROR Failed to connect to FreeSWITCH
May 31 22:29:25 dispatcher_in [7971] ERROR Failed to connect to FreeSWITCH
May 31 22:29:30 dispatcher_in [7971] ERROR Failed to connect to FreeSWITCH
May 31 22:29:35 dispatcher_in [7971] ERROR Failed to connect to FreeSWITCH
May 31 22:29:40 dispatcher_in [7971] ERROR Failed to connect to FreeSWITCH
May 31 22:29:45 dispatcher_in [7971] ERROR Failed to connect to FreeSWITCH
May 31 22:29:50 dispatcher_in [7971] ERROR Failed to connect to FreeSWITCH
May 31 22:29:55 dispatcher_in [7971] ERROR Failed to connect to FreeSWITCH
May 31 22:30:00 dispatcher_in [7971] ERROR Failed to connect to FreeSWITCH
May 31 22:30:05 dispatcher_in [7971] ERROR Failed to connect to FreeSWITCH
May 31 22:30:10 dispatcher_in [7971] ERROR Failed to connect to FreeSWITCH
May 31 22:30:15 dispatcher_in [7971] ERROR Failed to connect to FreeSWITCH
May 31 22:30:20 dispatcher_in [7971] ERROR Failed to connect to FreeSWITCH
May 31 22:30:25 dispatcher_in [7971] ERROR Failed to connect to FreeSWITCH
May 31 22:30:30 dispatcher_in [7971] ERROR Failed to connect to FreeSWITCH
May 31 22:30:35 dispatcher_in [7971] ERROR Failed to connect to FreeSWITCH
May 31 22:30:40 dispatcher_in [7971] ERROR Failed to connect to FreeSWITCH
May 31 22:30:45 dispatcher_in [7971] ERROR Failed to connect to FreeSWITCH
May 31 22:30:50 dispatcher_in [7971] ERROR Failed to connect to FreeSWITCH
May 31 22:30:55 dispatcher_in [7971] ERROR Failed to connect to FreeSWITCH
May 31 22:31:00 dispatcher_in [7971] ERROR Failed to connect to FreeSWITCH
May 31 22:31:05 dispatcher_in [7971] ERROR Failed to connect to FreeSWITCH
May 31 22:31:10 dispatcher_in [7971] ERROR Failed to connect to FreeSWITCH
May 31 22:31:15 dispatcher_in [7971] ERROR Failed to connect to FreeSWITCH
May 31 22:31:20 dispatcher_in [7971] ERROR Failed to connect to FreeSWITCH
May 31 22:31:25 dispatcher_in [7971] ERROR Failed to connect to FreeSWITCH
May 31 22:31:30 dispatcher_in [7971] ERROR Failed to connect to FreeSWITCH
May 31 22:31:35 dispatcher_in [7971] ERROR Failed to connect to FreeSWITCH
May 31 22:31:40 dispatcher_in [7971] ERROR Failed to connect to FreeSWITCH
May 31 22:31:45 dispatcher_in [7971] ERROR Failed to connect to FreeSWITCH
May 31 22:31:50 dispatcher_in [7971] ERROR Failed to connect to FreeSWITCH
May 31 22:31:55 dispatcher_in [7971] ERROR Failed to connect to FreeSWITCH
May 31 22:32:00 dispatcher_in [7971] ERROR Failed to connect to FreeSWITCH
May 31 22:32:05 dispatcher_in [7971] ERROR Failed to connect to FreeSWITCH
May 31 22:32:10 dispatcher_in [7971] ERROR Failed to connect to FreeSWITCH
May 31 22:32:15 dispatcher_in [7971] ERROR Failed to connect to FreeSWITCH
May 31 22:32:20 dispatcher_in [7971] ERROR Failed to connect to FreeSWITCH
May 31 22:32:25 dispatcher_in [7971] ERROR Failed to connect to FreeSWITCH
May 31 22:32:30 dispatcher_in [7971] ERROR Failed to connect to FreeSWITCH
May 31 22:32:35 dispatcher_in [7971] ERROR Failed to connect to FreeSWITCH
May 31 22:32:40 dispatcher_in [7971] ERROR Failed to connect to FreeSWITCH
May 31 22:32:45 dispatcher_in [7971] ERROR Failed to connect to FreeSWITCH
May 31 22:32:50 dispatcher_in [7971] ERROR Failed to connect to FreeSWITCH
May 31 22:32:55 dispatcher_in [7971] ERROR Failed to connect to FreeSWITCH
May 31 22:33:00 dispatcher_in [7971] ERROR Failed to connect to FreeSWITCH
May 31 22:33:05 dispatcher_in [7971] ERROR Failed to connect to FreeSWITCH
May 31 22:33:10 dispatcher_in [7971] ERROR Failed to connect to FreeSWITCH
May 31 22:33:15 dispatcher_in [7971] ERROR Failed to connect to FreeSWITCH
May 31 22:33:20 dispatcher_in [7971] ERROR Failed to connect to FreeSWITCH
May 31 22:33:25 dispatcher_in [7971] ERROR Failed to connect to FreeSWITCH
May 31 22:33:30 dispatcher_in [7971] ERROR Failed to connect to FreeSWITCH
May 31 22:33:35 dispatcher_in [7971] ERROR Failed to connect to FreeSWITCH
May 31 22:33:40 dispatcher_in [7971] ERROR Failed to connect to FreeSWITCH
May 31 22:33:45 dispatcher_in [7971] ERROR Failed to connect to FreeSWITCH
May 31 22:33:50 dispatcher_in [7971] ERROR Failed to connect to FreeSWITCH
May 31 22:33:55 dispatcher_in [7971] ERROR Failed to connect to FreeSWITCH
May 31 22:34:00 dispatcher_in [7971] ERROR Failed to connect to FreeSWITCH
May 31 22:34:05 dispatcher_in [7971] ERROR Failed to connect to FreeSWITCH
May 31 22:34:10 dispatcher_in [7971] ERROR Failed to connect to FreeSWITCH
May 31 22:34:15 dispatcher_in [7971] ERROR Failed to connect to FreeSWITCH
May 31 22:34:20 dispatcher_in [7971] ERROR Failed to connect to FreeSWITCH
May 31 22:34:25 dispatcher_in [7971] ERROR Failed to connect to FreeSWITCH
May 31 22:34:30 dispatcher_in [7971] ERROR Failed to connect to FreeSWITCH
May 31 22:34:35 dispatcher_in [7971] ERROR Failed to connect to FreeSWITCH
May 31 22:34:40 dispatcher_in [7971] ERROR Failed to connect to FreeSWITCH
May 31 22:34:45 dispatcher_in [7971] ERROR Failed to connect to FreeSWITCH
May 31 22:34:50 dispatcher_in [7971] ERROR Failed to connect to FreeSWITCH
May 31 22:34:55 dispatcher_in [7971] ERROR Failed to connect to FreeSWITCH
May 31 22:35:00 dispatcher_in [7971] ERROR Failed to connect to FreeSWITCH
May 31 22:35:05 dispatcher_in [7971] ERROR Failed to connect to FreeSWITCH
May 31 22:35:10 dispatcher_in [7971] ERROR Failed to connect to FreeSWITCH
May 31 22:35:15 dispatcher_in [7971] ERROR Failed to connect to FreeSWITCH
May 31 22:35:20 dispatcher_in [7971] ERROR Failed to connect to FreeSWITCH
May 31 22:35:25 dispatcher_in [7971] ERROR Failed to connect to FreeSWITCH
May 31 22:35:30 dispatcher_in [7971] ERROR Failed to connect to FreeSWITCH
May 31 22:35:35 dispatcher_in [7971] ERROR Failed to connect to FreeSWITCH
May 31 22:35:40 dispatcher_in [7971] ERROR Failed to connect to FreeSWITCH
May 31 22:35:45 dispatcher_in [7971] ERROR Failed to connect to FreeSWITCH
May 31 22:35:50 dispatcher_in [7971] ERROR Failed to connect to FreeSWITCH
May 31 22:35:55 dispatcher_in [7971] ERROR Failed to connect to FreeSWITCH
May 31 22:36:00 dispatcher_in [7971] ERROR Failed to connect to FreeSWITCH
May 31 22:36:05 dispatcher_in [7971] ERROR Failed to connect to FreeSWITCH
May 31 22:36:10 dispatcher_in [7971] ERROR Failed to connect to FreeSWITCH
May 31 22:36:15 dispatcher_in [7971] ERROR Failed to connect to FreeSWITCH
May 31 22:36:20 dispatcher_in [7971] ERROR Failed to connect to FreeSWITCH
May 31 22:36:25 dispatcher_in [7971] ERROR Failed to connect to FreeSWITCH
May 31 22:36:30 dispatcher_in [7971] ERROR Failed to connect to FreeSWITCH
May 31 22:36:35 dispatcher_in [7971] ERROR Failed to connect to FreeSWITCH
May 31 22:36:40 dispatcher_in [7971] ERROR Failed to connect to FreeSWITCH
May 31 22:36:45 dispatcher_in [7971] ERROR Failed to connect to FreeSWITCH
May 31 22:36:50 dispatcher_in [7971] ERROR Failed to connect to FreeSWITCH
May 31 22:36:55 dispatcher_in [7971] ERROR Failed to connect to FreeSWITCH
May 31 22:37:00 dispatcher_in [7971] ERROR Failed to connect to FreeSWITCH
May 31 22:37:05 dispatcher_in [7971] ERROR Failed to connect to FreeSWITCH
May 31 22:37:10 dispatcher_in [7971] ERROR Failed to connect to FreeSWITCH
May 31 22:37:15 dispatcher_in [7971] ERROR Failed to connect to FreeSWITCH
May 31 22:37:20 dispatcher_in [7971] ERROR Failed to connect to FreeSWITCH
May 31 22:37:25 dispatcher_in [7971] ERROR Failed to connect to FreeSWITCH
May 31 22:37:30 dispatcher_in [7971] ERROR Failed to connect to FreeSWITCH
